mode: atomic
github.com/zR-JB/graphite-meter/go/cmd/graphite-meter/main.go:21.13,22.56 1 0
github.com/zR-JB/graphite-meter/go/cmd/graphite-meter/main.go:22.56,23.40 1 0
github.com/zR-JB/graphite-meter/go/cmd/graphite-meter/main.go:23.40,25.4 1 0
github.com/zR-JB/graphite-meter/go/cmd/graphite-meter/main.go:26.3,26.9 1 0
github.com/zR-JB/graphite-meter/go/cmd/graphite-meter/main.go:28.2,29.16 2 0
github.com/zR-JB/graphite-meter/go/cmd/graphite-meter/main.go:29.16,31.3 1 0
github.com/zR-JB/graphite-meter/go/cmd/graphite-meter/main.go:33.2,35.39 3 0
github.com/zR-JB/graphite-meter/go/cmd/graphite-meter/main.go:35.39,37.3 1 0
github.com/zR-JB/graphite-meter/go/cmd/graphite-meter/main.go:39.2,42.46 3 0
github.com/zR-JB/graphite-meter/go/cmd/graphite-meter/main.go:42.46,44.3 1 0
github.com/zR-JB/graphite-meter/go/cmd/graphite-meter/main.go:47.27,51.16 4 0
github.com/zR-JB/graphite-meter/go/cmd/graphite-meter/main.go:51.16,53.3 1 0
github.com/zR-JB/graphite-meter/go/cmd/graphite-meter/main.go:54.2,56.16 3 0
github.com/zR-JB/graphite-meter/go/cmd/graphite-meter/main.go:56.16,58.3 1 0
github.com/zR-JB/graphite-meter/go/cmd/graphite-meter/main.go:59.2,59.21 1 0
github.com/zR-JB/graphite-meter/go/cmd/graphite-meter/main.go:59.21,61.3 1 0
github.com/zR-JB/graphite-meter/go/cmd/graphite-meter/main.go:62.2,63.16 2 0
github.com/zR-JB/graphite-meter/go/cmd/graphite-meter/main.go:63.16,65.3 1 0
github.com/zR-JB/graphite-meter/go/cmd/graphite-meter/main.go:66.2,67.12 2 0
github.com/zR-JB/graphite-meter/go/cmd/graphite-meter/main.go:70.58,81.121 11 6
github.com/zR-JB/graphite-meter/go/cmd/graphite-meter/main.go:81.121,83.17 2 0
github.com/zR-JB/graphite-meter/go/cmd/graphite-meter/main.go:83.17,86.4 2 0
github.com/zR-JB/graphite-meter/go/cmd/graphite-meter/main.go:87.3,87.13 1 0
github.com/zR-JB/graphite-meter/go/cmd/graphite-meter/main.go:89.2,89.124 1 6
github.com/zR-JB/graphite-meter/go/cmd/graphite-meter/main.go:89.124,89.178 2 0
github.com/zR-JB/graphite-meter/go/cmd/graphite-meter/main.go:90.2,90.113 1 6
github.com/zR-JB/graphite-meter/go/cmd/graphite-meter/main.go:90.113,90.173 2 0
github.com/zR-JB/graphite-meter/go/cmd/graphite-meter/main.go:91.2,91.106 1 6
github.com/zR-JB/graphite-meter/go/cmd/graphite-meter/main.go:91.106,91.163 2 0
github.com/zR-JB/graphite-meter/go/cmd/graphite-meter/main.go:92.2,106.109 15 6
github.com/zR-JB/graphite-meter/go/cmd/graphite-meter/main.go:106.109,110.3 3 1
github.com/zR-JB/graphite-meter/go/cmd/graphite-meter/main.go:111.2,111.103 1 6
github.com/zR-JB/graphite-meter/go/cmd/graphite-meter/main.go:114.102,115.48 1 36
github.com/zR-JB/graphite-meter/go/cmd/graphite-meter/main.go:115.48,119.3 3 2
github.com/zR-JB/graphite-meter/go/cmd/graphite-meter/main.go:122.43,124.49 2 1
github.com/zR-JB/graphite-meter/go/cmd/graphite-meter/main.go:124.49,125.49 1 1
github.com/zR-JB/graphite-meter/go/cmd/graphite-meter/main.go:125.49,127.4 1 0
github.com/zR-JB/graphite-meter/go/cmd/graphite-meter/main.go:129.2,129.15 1 1
github.com/zR-JB/graphite-meter/go/internal/config/config.go:70.23,80.2 1 21
github.com/zR-JB/graphite-meter/go/internal/config/config.go:82.29,97.4 2 7
github.com/zR-JB/graphite-meter/go/internal/config/config.go:97.4,98.40 1 147
github.com/zR-JB/graphite-meter/go/internal/config/config.go:98.40,100.73 2 8
github.com/zR-JB/graphite-meter/go/internal/config/config.go:100.73,102.5 1 1
github.com/zR-JB/graphite-meter/go/internal/config/config.go:105.2,105.62 1 7
github.com/zR-JB/graphite-meter/go/internal/config/config.go:105.62,108.3 2 0
github.com/zR-JB/graphite-meter/go/internal/config/config.go:109.2,109.65 1 7
github.com/zR-JB/graphite-meter/go/internal/config/config.go:109.65,111.17 2 1
github.com/zR-JB/graphite-meter/go/internal/config/config.go:111.17,113.4 1 0
github.com/zR-JB/graphite-meter/go/internal/config/config.go:114.3,115.55 2 1
github.com/zR-JB/graphite-meter/go/internal/config/config.go:117.2,122.4 1 7
github.com/zR-JB/graphite-meter/go/internal/config/config.go:122.4,123.40 1 21
github.com/zR-JB/graphite-meter/go/internal/config/config.go:123.40,125.4 1 2
github.com/zR-JB/graphite-meter/go/internal/config/config.go:127.2,128.63 2 7
github.com/zR-JB/graphite-meter/go/internal/config/config.go:128.63,130.3 1 0
github.com/zR-JB/graphite-meter/go/internal/config/config.go:131.2,137.4 1 7
github.com/zR-JB/graphite-meter/go/internal/config/config.go:137.4,138.55 1 28
github.com/zR-JB/graphite-meter/go/internal/config/config.go:138.55,140.4 1 0
github.com/zR-JB/graphite-meter/go/internal/config/config.go:142.2,142.58 1 7
github.com/zR-JB/graphite-meter/go/internal/config/config.go:142.58,143.70 1 0
github.com/zR-JB/graphite-meter/go/internal/config/config.go:143.70,145.4 1 0
github.com/zR-JB/graphite-meter/go/internal/config/config.go:147.2,147.51 1 7
github.com/zR-JB/graphite-meter/go/internal/config/config.go:147.51,148.45 1 4
github.com/zR-JB/graphite-meter/go/internal/config/config.go:148.45,150.18 2 5
github.com/zR-JB/graphite-meter/go/internal/config/config.go:150.18,152.5 1 0
github.com/zR-JB/graphite-meter/go/internal/config/config.go:158.4,158.26 1 5
github.com/zR-JB/graphite-meter/go/internal/config/config.go:158.26,160.5 1 3
github.com/zR-JB/graphite-meter/go/internal/config/config.go:161.4,161.64 1 2
github.com/zR-JB/graphite-meter/go/internal/config/config.go:164.2,164.15 1 4
github.com/zR-JB/graphite-meter/go/internal/config/config.go:167.37,169.48 2 4
github.com/zR-JB/graphite-meter/go/internal/config/config.go:169.48,170.52 1 6
github.com/zR-JB/graphite-meter/go/internal/config/config.go:170.52,172.4 1 6
github.com/zR-JB/graphite-meter/go/internal/config/config.go:174.2,174.12 1 4
github.com/zR-JB/graphite-meter/go/internal/config/config.go:177.65,179.32 2 4
github.com/zR-JB/graphite-meter/go/internal/config/config.go:180.18,181.18 1 1
github.com/zR-JB/graphite-meter/go/internal/config/config.go:182.13,183.78 1 1
github.com/zR-JB/graphite-meter/go/internal/config/config.go:183.78,185.4 1 4
github.com/zR-JB/graphite-meter/go/internal/config/config.go:186.3,186.18 1 1
github.com/zR-JB/graphite-meter/go/internal/config/config.go:188.2,188.39 1 2
github.com/zR-JB/graphite-meter/go/internal/config/config.go:188.39,189.16 1 3
github.com/zR-JB/graphite-meter/go/internal/config/config.go:190.55,191.21 1 2
github.com/zR-JB/graphite-meter/go/internal/config/config.go:192.11,193.56 1 1
github.com/zR-JB/graphite-meter/go/internal/config/config.go:196.2,196.17 1 1
github.com/zR-JB/graphite-meter/go/internal/config/config.go:199.49,200.14 1 26
github.com/zR-JB/graphite-meter/go/internal/config/config.go:201.21,202.27 1 10
github.com/zR-JB/graphite-meter/go/internal/config/config.go:203.19,204.30 1 6
github.com/zR-JB/graphite-meter/go/internal/config/config.go:205.16,206.27 1 7
github.com/zR-JB/graphite-meter/go/internal/config/config.go:207.16,208.27 1 3
github.com/zR-JB/graphite-meter/go/internal/config/config.go:210.2,210.14 1 0
github.com/zR-JB/graphite-meter/go/internal/config/config.go:213.52,215.2 1 23
github.com/zR-JB/graphite-meter/go/internal/config/config.go:217.56,219.9 2 7
github.com/zR-JB/graphite-meter/go/internal/config/config.go:219.9,221.3 1 7
github.com/zR-JB/graphite-meter/go/internal/config/config.go:222.2,222.47 1 0
github.com/zR-JB/graphite-meter/go/internal/config/config.go:223.19,224.19 1 0
github.com/zR-JB/graphite-meter/go/internal/config/config.go:225.20,226.20 1 0
github.com/zR-JB/graphite-meter/go/internal/config/config.go:227.10,228.65 1 0
github.com/zR-JB/graphite-meter/go/internal/config/config.go:232.53,234.9 2 28
github.com/zR-JB/graphite-meter/go/internal/config/config.go:234.9,236.3 1 28
github.com/zR-JB/graphite-meter/go/internal/config/config.go:237.2,238.16 2 0
github.com/zR-JB/graphite-meter/go/internal/config/config.go:238.16,240.3 1 0
github.com/zR-JB/graphite-meter/go/internal/config/config.go:241.2,241.15 1 0
github.com/zR-JB/graphite-meter/go/internal/config/config.go:244.56,245.29 1 20
github.com/zR-JB/graphite-meter/go/internal/config/config.go:245.29,247.3 1 3
github.com/zR-JB/graphite-meter/go/internal/config/config.go:248.2,249.218 2 17
github.com/zR-JB/graphite-meter/go/internal/config/config.go:252.34,253.41 1 19
github.com/zR-JB/graphite-meter/go/internal/config/config.go:253.41,255.3 1 7
github.com/zR-JB/graphite-meter/go/internal/config/config.go:256.2,256.43 1 12
github.com/zR-JB/graphite-meter/go/internal/config/config.go:256.43,258.3 1 0
github.com/zR-JB/graphite-meter/go/internal/config/config.go:259.2,259.46 1 12
github.com/zR-JB/graphite-meter/go/internal/config/config.go:259.46,261.3 1 2
github.com/zR-JB/graphite-meter/go/internal/config/config.go:262.2,262.34 1 10
github.com/zR-JB/graphite-meter/go/internal/config/config.go:265.40,269.242 1 12
github.com/zR-JB/graphite-meter/go/internal/config/config.go:269.242,270.19 1 48
github.com/zR-JB/graphite-meter/go/internal/config/config.go:270.19,272.4 1 0
github.com/zR-JB/graphite-meter/go/internal/config/config.go:274.2,274.64 1 12
github.com/zR-JB/graphite-meter/go/internal/config/config.go:274.64,276.3 1 0
github.com/zR-JB/graphite-meter/go/internal/config/config.go:277.2,277.50 1 12
github.com/zR-JB/graphite-meter/go/internal/config/config.go:277.50,279.3 1 0
github.com/zR-JB/graphite-meter/go/internal/config/config.go:280.2,280.33 1 12
github.com/zR-JB/graphite-meter/go/internal/config/config.go:280.33,282.3 1 0
github.com/zR-JB/graphite-meter/go/internal/config/config.go:283.2,283.12 1 12
github.com/zR-JB/graphite-meter/go/internal/config/config.go:286.43,287.23 1 12
github.com/zR-JB/graphite-meter/go/internal/config/config.go:287.23,289.3 1 0
github.com/zR-JB/graphite-meter/go/internal/config/config.go:290.2,290.68 1 12
github.com/zR-JB/graphite-meter/go/internal/config/config.go:290.68,291.40 1 5
github.com/zR-JB/graphite-meter/go/internal/config/config.go:291.40,293.4 1 1
github.com/zR-JB/graphite-meter/go/internal/config/config.go:295.2,296.30 2 11
github.com/zR-JB/graphite-meter/go/internal/config/config.go:296.30,297.37 1 44
github.com/zR-JB/graphite-meter/go/internal/config/config.go:297.37,298.40 1 66
github.com/zR-JB/graphite-meter/go/internal/config/config.go:298.40,300.5 1 0
github.com/zR-JB/graphite-meter/go/internal/config/config.go:303.2,303.27 1 11
github.com/zR-JB/graphite-meter/go/internal/config/config.go:303.27,304.40 1 5
github.com/zR-JB/graphite-meter/go/internal/config/config.go:304.40,305.30 1 3
github.com/zR-JB/graphite-meter/go/internal/config/config.go:305.30,307.5 1 1
github.com/zR-JB/graphite-meter/go/internal/config/config.go:310.2,310.12 1 10
github.com/zR-JB/graphite-meter/go/internal/config/config.go:313.47,314.277 1 10
github.com/zR-JB/graphite-meter/go/internal/config/config.go:314.277,315.62 1 39
github.com/zR-JB/graphite-meter/go/internal/config/config.go:315.62,317.4 1 1
github.com/zR-JB/graphite-meter/go/internal/config/config.go:319.2,322.146 1 9
github.com/zR-JB/graphite-meter/go/internal/config/config.go:322.146,323.34 1 25
github.com/zR-JB/graphite-meter/go/internal/config/config.go:323.34,324.37 1 8
github.com/zR-JB/graphite-meter/go/internal/config/config.go:324.37,326.5 1 1
github.com/zR-JB/graphite-meter/go/internal/config/config.go:329.2,329.62 1 8
github.com/zR-JB/graphite-meter/go/internal/config/config.go:329.62,331.3 1 2
github.com/zR-JB/graphite-meter/go/internal/config/config.go:332.2,332.202 1 6
github.com/zR-JB/graphite-meter/go/internal/config/config.go:332.202,334.3 1 1
github.com/zR-JB/graphite-meter/go/internal/config/config.go:335.2,335.12 1 5
github.com/zR-JB/graphite-meter/go/internal/config/config.go:341.59,343.240 2 8
github.com/zR-JB/graphite-meter/go/internal/config/config.go:343.240,344.66 1 31
github.com/zR-JB/graphite-meter/go/internal/config/config.go:344.66,345.12 1 27
github.com/zR-JB/graphite-meter/go/internal/config/config.go:347.3,348.70 2 4
github.com/zR-JB/graphite-meter/go/internal/config/config.go:348.70,350.4 1 1
github.com/zR-JB/graphite-meter/go/internal/config/config.go:351.3,351.33 1 3
github.com/zR-JB/graphite-meter/go/internal/config/config.go:353.2,353.73 1 7
github.com/zR-JB/graphite-meter/go/internal/config/config.go:353.73,354.40 1 13
github.com/zR-JB/graphite-meter/go/internal/config/config.go:354.40,355.52 1 6
github.com/zR-JB/graphite-meter/go/internal/config/config.go:355.52,357.5 1 1
github.com/zR-JB/graphite-meter/go/internal/config/config.go:360.2,360.12 1 6
github.com/zR-JB/graphite-meter/go/internal/config/config.go:363.38,365.16 2 19
github.com/zR-JB/graphite-meter/go/internal/config/config.go:366.43,366.43 0 19
github.com/zR-JB/graphite-meter/go/internal/config/config.go:367.10,368.75 1 0
github.com/zR-JB/graphite-meter/go/internal/config/config.go:370.2,370.21 1 19
github.com/zR-JB/graphite-meter/go/internal/config/config.go:370.21,371.21 1 13
github.com/zR-JB/graphite-meter/go/internal/config/config.go:371.21,373.4 1 2
github.com/zR-JB/graphite-meter/go/internal/config/config.go:374.3,374.13 1 11
github.com/zR-JB/graphite-meter/go/internal/config/config.go:376.2,377.16 2 6
github.com/zR-JB/graphite-meter/go/internal/config/config.go:377.16,379.3 1 2
github.com/zR-JB/graphite-meter/go/internal/config/config.go:380.2,380.45 1 4
github.com/zR-JB/graphite-meter/go/internal/config/config.go:380.45,382.3 1 1
github.com/zR-JB/graphite-meter/go/internal/config/config.go:383.2,383.41 1 3
github.com/zR-JB/graphite-meter/go/internal/config/config.go:383.41,385.3 1 0
github.com/zR-JB/graphite-meter/go/internal/config/config.go:386.2,386.51 1 3
github.com/zR-JB/graphite-meter/go/internal/config/config.go:391.39,395.2 1 13
github.com/zR-JB/graphite-meter/go/internal/config/config.go:397.59,398.47 1 6
github.com/zR-JB/graphite-meter/go/internal/config/config.go:398.47,400.3 1 1
github.com/zR-JB/graphite-meter/go/internal/config/config.go:401.2,402.31 2 5
github.com/zR-JB/graphite-meter/go/internal/config/config.go:402.31,404.3 1 1
github.com/zR-JB/graphite-meter/go/internal/config/config.go:405.2,405.23 1 4
github.com/zR-JB/graphite-meter/go/internal/config/config.go:408.46,409.54 1 4
github.com/zR-JB/graphite-meter/go/internal/config/config.go:409.54,411.3 1 1
github.com/zR-JB/graphite-meter/go/internal/config/config.go:412.2,413.73 2 3
github.com/zR-JB/graphite-meter/go/internal/config/config.go:413.73,415.3 1 3
github.com/zR-JB/graphite-meter/go/internal/config/config.go:416.2,416.19 1 0
github.com/zR-JB/graphite-meter/go/internal/config/config.go:416.19,418.3 1 0
github.com/zR-JB/graphite-meter/go/internal/config/config.go:419.2,419.89 1 0
github.com/zR-JB/graphite-meter/go/internal/config/config.go:422.42,423.56 1 3
github.com/zR-JB/graphite-meter/go/internal/config/config.go:423.56,425.3 1 0
github.com/zR-JB/graphite-meter/go/internal/config/config.go:426.2,429.32 4 3
github.com/zR-JB/graphite-meter/go/internal/config/config.go:429.32,431.3 1 0
github.com/zR-JB/graphite-meter/go/internal/config/config.go:432.2,432.27 1 3
github.com/zR-JB/graphite-meter/go/internal/config/config.go:432.27,434.3 1 0
github.com/zR-JB/graphite-meter/go/internal/config/config.go:435.2,435.15 1 3
github.com/zR-JB/graphite-meter/go/internal/config/config.go:435.15,437.144 2 0
github.com/zR-JB/graphite-meter/go/internal/config/config.go:437.144,439.4 1 0
github.com/zR-JB/graphite-meter/go/internal/config/config.go:441.2,441.42 1 3
github.com/zR-JB/graphite-meter/go/internal/config/config.go:444.64,445.62 1 3
github.com/zR-JB/graphite-meter/go/internal/config/config.go:445.62,447.3 1 0
github.com/zR-JB/graphite-meter/go/internal/config/config.go:448.2,448.34 1 3
github.com/zR-JB/graphite-meter/go/internal/config/config.go:448.34,450.3 1 0
github.com/zR-JB/graphite-meter/go/internal/config/config.go:451.2,451.39 1 3
github.com/zR-JB/graphite-meter/go/internal/config/config.go:451.39,452.27 1 24
github.com/zR-JB/graphite-meter/go/internal/config/config.go:452.27,454.4 1 0
github.com/zR-JB/graphite-meter/go/internal/config/config.go:456.2,456.12 1 3
github.com/zR-JB/graphite-meter/go/internal/config/config.go:461.70,462.39 1 3
github.com/zR-JB/graphite-meter/go/internal/config/config.go:462.39,464.3 1 1
github.com/zR-JB/graphite-meter/go/internal/config/config.go:465.2,465.42 1 2
github.com/zR-JB/graphite-meter/go/internal/config/config.go:465.42,466.37 1 8
github.com/zR-JB/graphite-meter/go/internal/config/config.go:466.37,468.4 1 6
github.com/zR-JB/graphite-meter/go/internal/config/config.go:469.3,470.95 2 2
github.com/zR-JB/graphite-meter/go/internal/config/config.go:470.95,472.4 1 1
github.com/zR-JB/graphite-meter/go/internal/config/config.go:473.3,473.13 1 1
github.com/zR-JB/graphite-meter/go/internal/config/config.go:475.2,477.4 1 2
github.com/zR-JB/graphite-meter/go/internal/config/config.go:477.4,478.48 1 6
github.com/zR-JB/graphite-meter/go/internal/config/config.go:478.48,480.4 1 0
github.com/zR-JB/graphite-meter/go/internal/config/config.go:482.2,487.4 1 2
github.com/zR-JB/graphite-meter/go/internal/config/config.go:487.4,488.34 1 5
github.com/zR-JB/graphite-meter/go/internal/config/config.go:488.34,489.47 1 2
github.com/zR-JB/graphite-meter/go/internal/config/config.go:489.47,491.5 1 1
github.com/zR-JB/graphite-meter/go/internal/config/config.go:494.2,494.12 1 1
github.com/zR-JB/graphite-meter/go/internal/origin/origin.go:12.29,14.56 2 12
github.com/zR-JB/graphite-meter/go/internal/origin/origin.go:14.56,16.3 1 1
github.com/zR-JB/graphite-meter/go/internal/origin/origin.go:17.2,20.80 4 11
github.com/zR-JB/graphite-meter/go/internal/origin/origin.go:20.80,22.3 1 6
github.com/zR-JB/graphite-meter/go/internal/origin/origin.go:23.2,23.16 1 11
github.com/zR-JB/graphite-meter/go/internal/origin/origin.go:23.16,25.3 1 1
github.com/zR-JB/graphite-meter/go/internal/origin/origin.go:25.8,25.40 1 10
github.com/zR-JB/graphite-meter/go/internal/origin/origin.go:25.40,27.3 1 3
github.com/zR-JB/graphite-meter/go/internal/origin/origin.go:28.2,28.30 1 11
github.com/zR-JB/graphite-meter/go/internal/origin/origin.go:31.30,33.2 1 4
github.com/zR-JB/graphite-meter/go/internal/auth/cmd/authpreview/main.go:12.13,16.65 4 0
github.com/zR-JB/graphite-meter/go/internal/auth/cmd/authpreview/main.go:16.65,18.3 1 0
github.com/zR-JB/graphite-meter/go/internal/auth/cmd/authpreview/main.go:19.2,21.81 3 0
github.com/zR-JB/graphite-meter/go/internal/auth/cmd/authassets/main.go:20.13,23.31 3 0
github.com/zR-JB/graphite-meter/go/internal/auth/cmd/authassets/main.go:23.31,25.17 2 0
github.com/zR-JB/graphite-meter/go/internal/auth/cmd/authassets/main.go:25.17,26.14 1 0
github.com/zR-JB/graphite-meter/go/internal/auth/cmd/authassets/main.go:28.3,28.84 1 0
github.com/zR-JB/graphite-meter/go/internal/auth/cmd/authassets/main.go:30.2,31.16 2 0
github.com/zR-JB/graphite-meter/go/internal/auth/cmd/authassets/main.go:31.16,32.13 1 0
github.com/zR-JB/graphite-meter/go/internal/auth/cmd/authassets/main.go:34.2,34.78 1 0
github.com/zR-JB/graphite-meter/go/internal/auth/cmd/authassets/main.go:34.78,35.13 1 0
github.com/zR-JB/graphite-meter/go/internal/endpoint/download.go:28.56,30.2 1 4
github.com/zR-JB/graphite-meter/go/internal/endpoint/download.go:32.48,32.69 1 0
github.com/zR-JB/graphite-meter/go/internal/endpoint/download.go:33.48,33.83 1 0
github.com/zR-JB/graphite-meter/go/internal/endpoint/download.go:39.54,43.30 2 5
github.com/zR-JB/graphite-meter/go/internal/endpoint/download.go:43.30,48.3 4 4
github.com/zR-JB/graphite-meter/go/internal/endpoint/download.go:50.2,51.16 2 5
github.com/zR-JB/graphite-meter/go/internal/endpoint/download.go:51.16,53.3 1 0
github.com/zR-JB/graphite-meter/go/internal/endpoint/download.go:55.2,62.12 7 5
github.com/zR-JB/graphite-meter/go/internal/endpoint/download.go:62.12,63.10 1 18
github.com/zR-JB/graphite-meter/go/internal/endpoint/download.go:64.21,65.14 1 2
github.com/zR-JB/graphite-meter/go/internal/endpoint/download.go:66.11,66.11 0 16
github.com/zR-JB/graphite-meter/go/internal/endpoint/download.go:68.3,69.16 2 16
github.com/zR-JB/graphite-meter/go/internal/endpoint/download.go:69.16,71.4 1 2
github.com/zR-JB/graphite-meter/go/internal/endpoint/download.go:72.3,76.22 5 16
github.com/zR-JB/graphite-meter/go/internal/endpoint/download.go:76.22,78.4 1 14
github.com/zR-JB/graphite-meter/go/internal/endpoint/download.go:79.3,79.18 1 16
github.com/zR-JB/graphite-meter/go/internal/endpoint/download.go:79.18,81.4 1 0
github.com/zR-JB/graphite-meter/go/internal/endpoint/download.go:83.2,83.12 1 3
github.com/zR-JB/graphite-meter/go/internal/endpoint/download.go:88.35,89.15 1 10
github.com/zR-JB/graphite-meter/go/internal/endpoint/download.go:89.15,91.3 1 1
github.com/zR-JB/graphite-meter/go/internal/endpoint/download.go:92.2,93.25 2 9
github.com/zR-JB/graphite-meter/go/internal/endpoint/download.go:93.25,95.3 1 2
github.com/zR-JB/graphite-meter/go/internal/endpoint/download.go:96.2,96.18 1 7
github.com/zR-JB/graphite-meter/go/internal/endpoint/download.go:96.18,98.3 1 1
github.com/zR-JB/graphite-meter/go/internal/endpoint/download.go:99.2,99.10 1 6
github.com/zR-JB/graphite-meter/go/internal/endpoint/meter.go:29.35,29.64 1 0
github.com/zR-JB/graphite-meter/go/internal/endpoint/meter.go:32.28,33.14 1 130
github.com/zR-JB/graphite-meter/go/internal/endpoint/meter.go:33.14,35.3 1 0
github.com/zR-JB/graphite-meter/go/internal/endpoint/meter.go:39.24,40.14 1 10
github.com/zR-JB/graphite-meter/go/internal/endpoint/meter.go:40.14,42.3 1 0
github.com/zR-JB/graphite-meter/go/internal/endpoint/meter.go:45.25,46.14 1 10
github.com/zR-JB/graphite-meter/go/internal/endpoint/meter.go:46.14,48.3 1 0
github.com/zR-JB/graphite-meter/go/internal/endpoint/meter.go:54.42,55.14 1 0
github.com/zR-JB/graphite-meter/go/internal/endpoint/meter.go:55.14,57.3 1 0
github.com/zR-JB/graphite-meter/go/internal/endpoint/meter.go:58.2,62.6 5 0
github.com/zR-JB/graphite-meter/go/internal/endpoint/meter.go:62.6,63.10 1 0
github.com/zR-JB/graphite-meter/go/internal/endpoint/meter.go:64.21,65.10 1 0
github.com/zR-JB/graphite-meter/go/internal/endpoint/meter.go:66.26,71.32 5 0
github.com/zR-JB/graphite-meter/go/internal/endpoint/meter.go:71.32,73.13 2 0
github.com/zR-JB/graphite-meter/go/internal/endpoint/meter.go:75.4,79.45 4 0
github.com/zR-JB/graphite-meter/go/internal/endpoint/ping.go:23.22,23.40 1 1
github.com/zR-JB/graphite-meter/go/internal/endpoint/ping.go:25.44,25.64 1 0
github.com/zR-JB/graphite-meter/go/internal/endpoint/ping.go:26.44,26.84 1 0
github.com/zR-JB/graphite-meter/go/internal/endpoint/ping.go:32.50,34.9 2 1
github.com/zR-JB/graphite-meter/go/internal/endpoint/ping.go:34.9,36.3 1 0
github.com/zR-JB/graphite-meter/go/internal/endpoint/ping.go:38.2,38.6 1 1
github.com/zR-JB/graphite-meter/go/internal/endpoint/ping.go:38.6,40.17 2 6
github.com/zR-JB/graphite-meter/go/internal/endpoint/ping.go:40.17,42.4 1 1
github.com/zR-JB/graphite-meter/go/internal/endpoint/ping.go:44.3,45.18 2 5
github.com/zR-JB/graphite-meter/go/internal/endpoint/ping.go:45.18,48.46 1 1
github.com/zR-JB/graphite-meter/go/internal/endpoint/ping.go:48.46,49.115 1 1
github.com/zR-JB/graphite-meter/go/internal/endpoint/ping.go:49.115,51.6 1 0
github.com/zR-JB/graphite-meter/go/internal/endpoint/ping.go:53.4,53.12 1 1
github.com/zR-JB/graphite-meter/go/internal/endpoint/ping.go:56.3,56.15 1 4
github.com/zR-JB/graphite-meter/go/internal/endpoint/ping.go:57.20,59.54 2 3
github.com/zR-JB/graphite-meter/go/internal/endpoint/ping.go:59.54,61.5 1 0
github.com/zR-JB/graphite-meter/go/internal/endpoint/ping.go:62.18,65.78 1 1
github.com/zR-JB/graphite-meter/go/internal/endpoint/ping.go:65.78,67.5 1 0
github.com/zR-JB/graphite-meter/go/internal/endpoint/ping.go:68.19,69.14 1 0
github.com/zR-JB/graphite-meter/go/internal/endpoint/ping.go:70.11,70.11 0 0
github.com/zR-JB/graphite-meter/go/internal/endpoint/preflight.go:23.50,25.44 2 5
github.com/zR-JB/graphite-meter/go/internal/endpoint/preflight.go:25.44,26.13 1 0
github.com/zR-JB/graphite-meter/go/internal/endpoint/preflight.go:28.2,28.68 1 5
github.com/zR-JB/graphite-meter/go/internal/endpoint/preflight.go:30.49,30.71 1 0
github.com/zR-JB/graphite-meter/go/internal/endpoint/preflight.go:31.49,31.84 1 0
github.com/zR-JB/graphite-meter/go/internal/endpoint/preflight.go:32.55,34.9 2 0
github.com/zR-JB/graphite-meter/go/internal/endpoint/preflight.go:34.9,36.3 1 0
github.com/zR-JB/graphite-meter/go/internal/endpoint/preflight.go:37.2,39.46 3 0
github.com/zR-JB/graphite-meter/go/internal/endpoint/preflight.go:42.59,44.16 2 5
github.com/zR-JB/graphite-meter/go/internal/endpoint/preflight.go:44.16,46.3 1 5
github.com/zR-JB/graphite-meter/go/internal/endpoint/preflight.go:47.2,49.47 3 5
github.com/zR-JB/graphite-meter/go/internal/endpoint/preflight.go:49.47,51.29 2 12
github.com/zR-JB/graphite-meter/go/internal/endpoint/preflight.go:51.29,52.48 1 11
github.com/zR-JB/graphite-meter/go/internal/endpoint/preflight.go:52.48,53.43 1 2
github.com/zR-JB/graphite-meter/go/internal/endpoint/preflight.go:53.43,55.6 1 0
github.com/zR-JB/graphite-meter/go/internal/endpoint/preflight.go:56.5,56.11 1 2
github.com/zR-JB/graphite-meter/go/internal/endpoint/preflight.go:59.3,59.210 1 10
github.com/zR-JB/graphite-meter/go/internal/endpoint/preflight.go:61.2,61.34 1 5
github.com/zR-JB/graphite-meter/go/internal/endpoint/preflight.go:61.34,63.29 2 10
github.com/zR-JB/graphite-meter/go/internal/endpoint/preflight.go:63.29,64.36 1 6
github.com/zR-JB/graphite-meter/go/internal/endpoint/preflight.go:64.36,66.5 1 2
github.com/zR-JB/graphite-meter/go/internal/endpoint/preflight.go:68.3,68.194 1 8
github.com/zR-JB/graphite-meter/go/internal/endpoint/preflight.go:70.2,79.27 2 5
github.com/zR-JB/graphite-meter/go/internal/endpoint/preflight.go:79.27,80.37 1 20
github.com/zR-JB/graphite-meter/go/internal/endpoint/preflight.go:80.37,83.17 3 5
github.com/zR-JB/graphite-meter/go/internal/endpoint/preflight.go:83.17,85.5 1 3
github.com/zR-JB/graphite-meter/go/internal/endpoint/preflight.go:88.2,88.41 1 5
github.com/zR-JB/graphite-meter/go/internal/endpoint/preflight.go:88.41,91.3 2 4
github.com/zR-JB/graphite-meter/go/internal/endpoint/preflight.go:92.2,92.47 1 5
github.com/zR-JB/graphite-meter/go/internal/endpoint/preflight.go:92.47,94.3 1 3
github.com/zR-JB/graphite-meter/go/internal/endpoint/preflight.go:95.2,95.44 1 5
github.com/zR-JB/graphite-meter/go/internal/endpoint/preflight.go:95.44,97.3 1 3
github.com/zR-JB/graphite-meter/go/internal/endpoint/preflight.go:98.2,98.255 1 5
github.com/zR-JB/graphite-meter/go/internal/endpoint/preflight.go:101.39,102.22 1 14
github.com/zR-JB/graphite-meter/go/internal/endpoint/preflight.go:102.22,104.3 1 6
github.com/zR-JB/graphite-meter/go/internal/endpoint/preflight.go:105.2,105.15 1 8
github.com/zR-JB/graphite-meter/go/internal/endpoint/preflight.go:108.61,109.18 1 5
github.com/zR-JB/graphite-meter/go/internal/endpoint/preflight.go:109.18,111.3 1 4
github.com/zR-JB/graphite-meter/go/internal/endpoint/preflight.go:112.2,113.30 2 1
github.com/zR-JB/graphite-meter/go/internal/endpoint/preflight.go:113.30,115.3 1 0
github.com/zR-JB/graphite-meter/go/internal/endpoint/preflight.go:116.2,116.80 1 1
github.com/zR-JB/graphite-meter/go/internal/endpoint/probe.go:17.64,19.2 1 2
github.com/zR-JB/graphite-meter/go/internal/endpoint/probe.go:20.45,20.63 1 0
github.com/zR-JB/graphite-meter/go/internal/endpoint/probe.go:21.45,21.80 1 0
github.com/zR-JB/graphite-meter/go/internal/endpoint/probe.go:23.51,25.9 2 2
github.com/zR-JB/graphite-meter/go/internal/endpoint/probe.go:25.9,27.3 1 0
github.com/zR-JB/graphite-meter/go/internal/endpoint/probe.go:28.2,28.61 1 2
github.com/zR-JB/graphite-meter/go/internal/endpoint/probe.go:28.61,31.3 2 1
github.com/zR-JB/graphite-meter/go/internal/endpoint/probe.go:32.2,38.4 4 2
github.com/zR-JB/graphite-meter/go/internal/endpoint/registry.go:23.30,28.2 1 4
github.com/zR-JB/graphite-meter/go/internal/endpoint/registry.go:31.58,33.2 1 3
github.com/zR-JB/graphite-meter/go/internal/endpoint/registry.go:39.56,41.2 1 3
github.com/zR-JB/graphite-meter/go/internal/endpoint/registry.go:47.70,49.2 1 4
github.com/zR-JB/graphite-meter/go/internal/endpoint/registry.go:53.95,54.39 1 4
github.com/zR-JB/graphite-meter/go/internal/endpoint/registry.go:54.39,56.3 1 3
github.com/zR-JB/graphite-meter/go/internal/endpoint/registry.go:57.2,57.37 1 4
github.com/zR-JB/graphite-meter/go/internal/endpoint/registry.go:57.37,59.3 1 3
github.com/zR-JB/graphite-meter/go/internal/endpoint/registry.go:68.65,70.2 1 2
github.com/zR-JB/graphite-meter/go/internal/endpoint/registry.go:72.97,73.71 1 5
github.com/zR-JB/graphite-meter/go/internal/endpoint/registry.go:73.71,74.101 1 5
github.com/zR-JB/graphite-meter/go/internal/endpoint/registry.go:74.101,77.4 2 0
github.com/zR-JB/graphite-meter/go/internal/endpoint/registry.go:78.3,80.36 1 5
github.com/zR-JB/graphite-meter/go/internal/endpoint/registry.go:80.36,81.28 1 5
github.com/zR-JB/graphite-meter/go/internal/endpoint/registry.go:81.28,83.6 1 5
github.com/zR-JB/graphite-meter/go/internal/endpoint/registry.go:84.5,85.28 2 0
github.com/zR-JB/graphite-meter/go/internal/endpoint/registry.go:89.3,89.17 1 5
github.com/zR-JB/graphite-meter/go/internal/endpoint/registry.go:89.17,91.4 1 0
github.com/zR-JB/graphite-meter/go/internal/endpoint/registry.go:95.3,102.49 4 5
github.com/zR-JB/graphite-meter/go/internal/endpoint/registry.go:102.49,104.4 1 0
github.com/zR-JB/graphite-meter/go/internal/endpoint/registry.go:104.9,106.4 1 5
github.com/zR-JB/graphite-meter/go/internal/endpoint/registry.go:107.3,107.26 1 5
github.com/zR-JB/graphite-meter/go/internal/endpoint/registry.go:107.26,110.4 2 0
github.com/zR-JB/graphite-meter/go/internal/endpoint/registry.go:111.3,116.60 5 5
github.com/zR-JB/graphite-meter/go/internal/endpoint/registry.go:116.60,119.4 2 0
github.com/zR-JB/graphite-meter/go/internal/endpoint/registry.go:120.3,120.17 1 5
github.com/zR-JB/graphite-meter/go/internal/endpoint/registry.go:120.17,123.4 2 1
github.com/zR-JB/graphite-meter/go/internal/endpoint/registry.go:124.3,124.48 1 4
github.com/zR-JB/graphite-meter/go/internal/endpoint/registry.go:131.43,131.82 1 21
github.com/zR-JB/graphite-meter/go/internal/endpoint/registry.go:133.68,134.71 1 24
github.com/zR-JB/graphite-meter/go/internal/endpoint/registry.go:134.71,136.37 2 29
github.com/zR-JB/graphite-meter/go/internal/endpoint/registry.go:136.37,139.4 2 2
github.com/zR-JB/graphite-meter/go/internal/endpoint/registry.go:140.3,141.37 2 27
github.com/zR-JB/graphite-meter/go/internal/endpoint/registry.go:141.37,143.4 1 2
github.com/zR-JB/graphite-meter/go/internal/endpoint/registry.go:150.61,152.18 2 29
github.com/zR-JB/graphite-meter/go/internal/endpoint/registry.go:152.18,161.3 8 0
github.com/zR-JB/graphite-meter/go/internal/endpoint/registry.go:162.2,165.35 4 29
github.com/zR-JB/graphite-meter/go/internal/endpoint/upload.go:36.85,38.22 2 7
github.com/zR-JB/graphite-meter/go/internal/endpoint/upload.go:38.22,40.3 1 0
github.com/zR-JB/graphite-meter/go/internal/endpoint/upload.go:41.2,41.10 1 7
github.com/zR-JB/graphite-meter/go/internal/endpoint/upload.go:44.46,44.65 1 0
github.com/zR-JB/graphite-meter/go/internal/endpoint/upload.go:45.46,45.81 1 0
github.com/zR-JB/graphite-meter/go/internal/endpoint/upload.go:54.18,57.3 2 5
github.com/zR-JB/graphite-meter/go/internal/endpoint/upload.go:71.51,73.18 2 114
github.com/zR-JB/graphite-meter/go/internal/endpoint/upload.go:73.18,77.3 1 23
github.com/zR-JB/graphite-meter/go/internal/endpoint/upload.go:78.2,78.20 1 114
github.com/zR-JB/graphite-meter/go/internal/endpoint/upload.go:83.52,89.20 2 7
github.com/zR-JB/graphite-meter/go/internal/endpoint/upload.go:89.20,91.15 2 5
github.com/zR-JB/graphite-meter/go/internal/endpoint/upload.go:91.15,93.32 2 5
github.com/zR-JB/graphite-meter/go/internal/endpoint/upload.go:93.32,95.5 1 4
github.com/zR-JB/graphite-meter/go/internal/endpoint/upload.go:96.4,97.32 2 5
github.com/zR-JB/graphite-meter/go/internal/endpoint/upload.go:97.32,98.33 1 2
github.com/zR-JB/graphite-meter/go/internal/endpoint/upload.go:98.33,101.6 2 2
github.com/zR-JB/graphite-meter/go/internal/endpoint/upload.go:102.5,102.36 1 0
github.com/zR-JB/graphite-meter/go/internal/endpoint/upload.go:104.4,106.29 3 3
github.com/zR-JB/graphite-meter/go/internal/endpoint/upload.go:110.2,111.16 2 5
github.com/zR-JB/graphite-meter/go/internal/endpoint/upload.go:111.16,113.3 1 0
github.com/zR-JB/graphite-meter/go/internal/endpoint/upload.go:118.2,118.30 1 5
github.com/zR-JB/graphite-meter/go/internal/endpoint/upload.go:118.30,120.3 1 3
github.com/zR-JB/graphite-meter/go/internal/endpoint/upload.go:122.2,132.20 6 5
github.com/zR-JB/graphite-meter/go/internal/endpoint/upload.go:132.20,136.3 1 2
github.com/zR-JB/graphite-meter/go/internal/endpoint/upload.go:138.2,138.30 1 3
github.com/zR-JB/graphite-meter/go/internal/endpoint/upload.go:138.30,143.3 4 3
github.com/zR-JB/graphite-meter/go/internal/endpoint/upload.go:144.2,144.12 1 3
github.com/zR-JB/graphite-meter/go/internal/endpoint/upload_owner.go:11.66,12.57 1 11
github.com/zR-JB/graphite-meter/go/internal/endpoint/upload_owner.go:12.57,14.3 1 0
github.com/zR-JB/graphite-meter/go/internal/endpoint/upload_owner.go:15.2,16.21 2 11
github.com/zR-JB/graphite-meter/go/internal/endpoint/upload_owner.go:16.21,18.3 1 0
github.com/zR-JB/graphite-meter/go/internal/endpoint/upload_owner.go:19.2,19.16 1 11
github.com/zR-JB/graphite-meter/go/internal/endpoint/upload_owner.go:19.16,21.3 1 0
github.com/zR-JB/graphite-meter/go/internal/endpoint/upload_owner.go:22.2,22.22 1 11
github.com/zR-JB/graphite-meter/go/internal/endpoint/upload_owner.go:25.73,26.16 1 3
github.com/zR-JB/graphite-meter/go/internal/endpoint/upload_owner.go:27.27,28.60 1 2
github.com/zR-JB/graphite-meter/go/internal/endpoint/upload_owner.go:29.30,31.76 2 1
github.com/zR-JB/graphite-meter/go/internal/endpoint/upload_owner.go:32.30,34.80 2 0
github.com/zR-JB/graphite-meter/go/internal/endpoint/upload_owner.go:35.33,36.77 1 0
github.com/zR-JB/graphite-meter/go/internal/endpoint/upload_progress.go:20.87,22.22 2 4
github.com/zR-JB/graphite-meter/go/internal/endpoint/upload_progress.go:22.22,24.3 1 0
github.com/zR-JB/graphite-meter/go/internal/endpoint/upload_progress.go:25.2,25.10 1 4
github.com/zR-JB/graphite-meter/go/internal/endpoint/upload_progress.go:27.54,27.82 1 0
github.com/zR-JB/graphite-meter/go/internal/endpoint/upload_progress.go:28.54,28.89 1 0
github.com/zR-JB/graphite-meter/go/internal/endpoint/upload_progress.go:42.67,43.27 1 2
github.com/zR-JB/graphite-meter/go/internal/endpoint/upload_progress.go:43.27,44.10 1 0
github.com/zR-JB/graphite-meter/go/internal/endpoint/upload_progress.go:45.14,46.16 1 0
github.com/zR-JB/graphite-meter/go/internal/endpoint/upload_progress.go:47.27,47.27 0 0
github.com/zR-JB/graphite-meter/go/internal/endpoint/upload_progress.go:50.2,50.13 1 2
github.com/zR-JB/graphite-meter/go/internal/endpoint/upload_progress.go:53.60,55.9 2 7
github.com/zR-JB/graphite-meter/go/internal/endpoint/upload_progress.go:55.9,57.3 1 0
github.com/zR-JB/graphite-meter/go/internal/endpoint/upload_progress.go:58.2,60.35 3 7
github.com/zR-JB/graphite-meter/go/internal/endpoint/upload_progress.go:60.35,61.71 1 1
github.com/zR-JB/graphite-meter/go/internal/endpoint/upload_progress.go:61.71,64.4 2 0
github.com/zR-JB/graphite-meter/go/internal/endpoint/upload_progress.go:65.3,66.13 2 1
github.com/zR-JB/graphite-meter/go/internal/endpoint/upload_progress.go:68.2,68.32 1 6
github.com/zR-JB/graphite-meter/go/internal/endpoint/upload_progress.go:68.32,71.3 2 0
github.com/zR-JB/graphite-meter/go/internal/endpoint/upload_progress.go:72.2,76.9 5 6
github.com/zR-JB/graphite-meter/go/internal/endpoint/upload_progress.go:76.9,79.3 2 0
github.com/zR-JB/graphite-meter/go/internal/endpoint/upload_progress.go:80.2,81.47 2 6
github.com/zR-JB/graphite-meter/go/internal/endpoint/upload_progress.go:81.47,82.43 1 7
github.com/zR-JB/graphite-meter/go/internal/endpoint/upload_progress.go:82.43,84.4 1 0
github.com/zR-JB/graphite-meter/go/internal/endpoint/upload_progress.go:85.3,86.14 2 7
github.com/zR-JB/graphite-meter/go/internal/endpoint/upload_progress.go:89.2,90.30 2 6
github.com/zR-JB/graphite-meter/go/internal/endpoint/upload_progress.go:90.30,93.3 2 1
github.com/zR-JB/graphite-meter/go/internal/endpoint/upload_progress.go:94.2,94.53 1 5
github.com/zR-JB/graphite-meter/go/internal/endpoint/upload_progress.go:94.53,97.3 2 1
github.com/zR-JB/graphite-meter/go/internal/endpoint/upload_progress.go:98.2,99.47 2 4
github.com/zR-JB/graphite-meter/go/internal/endpoint/upload_progress.go:99.47,101.3 1 0
github.com/zR-JB/graphite-meter/go/internal/endpoint/upload_progress.go:103.2,108.6 6 4
github.com/zR-JB/graphite-meter/go/internal/endpoint/upload_progress.go:108.6,109.10 1 6
github.com/zR-JB/graphite-meter/go/internal/endpoint/upload_progress.go:110.29,111.14 1 1
github.com/zR-JB/graphite-meter/go/internal/endpoint/upload_progress.go:112.22,113.14 1 1
github.com/zR-JB/graphite-meter/go/internal/endpoint/upload_progress.go:114.23,115.52 1 2
github.com/zR-JB/graphite-meter/go/internal/endpoint/upload_progress.go:115.52,117.5 1 0
github.com/zR-JB/graphite-meter/go/internal/endpoint/upload_progress.go:118.4,121.14 4 2
github.com/zR-JB/graphite-meter/go/internal/endpoint/upload_progress.go:122.22,123.51 1 0
github.com/zR-JB/graphite-meter/go/internal/endpoint/upload_progress.go:123.51,125.5 1 0
github.com/zR-JB/graphite-meter/go/internal/endpoint/upload_progress.go:126.4,126.19 1 0
github.com/zR-JB/graphite-meter/go/internal/endpoint/upload_progress.go:127.17,130.22 3 2
github.com/zR-JB/graphite-meter/go/internal/endpoint/upload_progress.go:130.22,132.79 2 1
github.com/zR-JB/graphite-meter/go/internal/endpoint/upload_progress.go:132.79,134.6 1 0
github.com/zR-JB/graphite-meter/go/internal/endpoint/upload_session.go:21.58,23.2 1 2
github.com/zR-JB/graphite-meter/go/internal/endpoint/upload_session.go:25.53,25.80 1 0
github.com/zR-JB/graphite-meter/go/internal/endpoint/upload_session.go:26.53,26.88 1 0
github.com/zR-JB/graphite-meter/go/internal/endpoint/upload_session.go:28.59,30.9 2 3
github.com/zR-JB/graphite-meter/go/internal/endpoint/upload_session.go:30.9,32.3 1 0
github.com/zR-JB/graphite-meter/go/internal/endpoint/upload_session.go:33.2,33.33 1 3
github.com/zR-JB/graphite-meter/go/internal/endpoint/upload_session.go:33.33,36.3 2 1
github.com/zR-JB/graphite-meter/go/internal/endpoint/upload_session.go:37.2,37.20 1 2
github.com/zR-JB/graphite-meter/go/internal/endpoint/upload_session.go:37.20,40.3 2 0
github.com/zR-JB/graphite-meter/go/internal/endpoint/upload_session.go:41.2,42.14 2 2
github.com/zR-JB/graphite-meter/go/internal/endpoint/upload_session.go:42.14,45.3 2 0
github.com/zR-JB/graphite-meter/go/internal/endpoint/upload_session.go:46.2,50.56 5 2
github.com/zR-JB/graphite-meter/go/internal/endpoint/upload_store.go:67.51,71.2 3 4029
github.com/zR-JB/graphite-meter/go/internal/endpoint/upload_store.go:73.46,75.9 2 10
github.com/zR-JB/graphite-meter/go/internal/endpoint/upload_store.go:76.36,76.36 0 5
github.com/zR-JB/graphite-meter/go/internal/endpoint/upload_store.go:77.10,77.10 0 5
github.com/zR-JB/graphite-meter/go/internal/endpoint/upload_store.go:83.51,85.32 2 11
github.com/zR-JB/graphite-meter/go/internal/endpoint/upload_store.go:85.32,87.3 1 2
github.com/zR-JB/graphite-meter/go/internal/endpoint/upload_store.go:88.2,88.20 1 9
github.com/zR-JB/graphite-meter/go/internal/endpoint/upload_store.go:111.36,113.26 2 25
github.com/zR-JB/graphite-meter/go/internal/endpoint/upload_store.go:113.26,115.3 1 800
github.com/zR-JB/graphite-meter/go/internal/endpoint/upload_store.go:116.2,116.10 1 25
github.com/zR-JB/graphite-meter/go/internal/endpoint/upload_store.go:122.24,122.63 1 28385
github.com/zR-JB/graphite-meter/go/internal/endpoint/upload_store.go:125.53,129.2 3 7413
github.com/zR-JB/graphite-meter/go/internal/endpoint/upload_store.go:133.37,134.25 1 13386
github.com/zR-JB/graphite-meter/go/internal/endpoint/upload_store.go:134.25,136.3 1 0
github.com/zR-JB/graphite-meter/go/internal/endpoint/upload_store.go:137.2,138.47 2 13386
github.com/zR-JB/graphite-meter/go/internal/endpoint/upload_store.go:138.47,140.3 1 0
github.com/zR-JB/graphite-meter/go/internal/endpoint/upload_store.go:141.2,141.37 1 13386
github.com/zR-JB/graphite-meter/go/internal/endpoint/upload_store.go:144.45,145.27 1 16872
github.com/zR-JB/graphite-meter/go/internal/endpoint/upload_store.go:145.27,148.3 2 21
github.com/zR-JB/graphite-meter/go/internal/endpoint/upload_store.go:149.2,149.21 1 16872
github.com/zR-JB/graphite-meter/go/internal/endpoint/upload_store.go:152.67,159.2 6 13387
github.com/zR-JB/graphite-meter/go/internal/endpoint/upload_store.go:161.47,162.60 1 3489
github.com/zR-JB/graphite-meter/go/internal/endpoint/upload_store.go:162.60,164.3 1 3
github.com/zR-JB/graphite-meter/go/internal/endpoint/upload_store.go:165.2,166.48 2 3486
github.com/zR-JB/graphite-meter/go/internal/endpoint/upload_store.go:166.48,168.3 1 0
github.com/zR-JB/graphite-meter/go/internal/endpoint/upload_store.go:169.2,172.36 4 3486
github.com/zR-JB/graphite-meter/go/internal/endpoint/upload_store.go:172.36,174.3 1 1
github.com/zR-JB/graphite-meter/go/internal/endpoint/upload_store.go:175.2,177.75 3 3485
github.com/zR-JB/graphite-meter/go/internal/endpoint/upload_store.go:186.65,189.2 2 5314
github.com/zR-JB/graphite-meter/go/internal/endpoint/upload_store.go:201.83,203.2 1 5387
github.com/zR-JB/graphite-meter/go/internal/endpoint/upload_store.go:205.103,206.14 1 5393
github.com/zR-JB/graphite-meter/go/internal/endpoint/upload_store.go:206.14,208.3 1 0
github.com/zR-JB/graphite-meter/go/internal/endpoint/upload_store.go:209.2,211.29 3 5393
github.com/zR-JB/graphite-meter/go/internal/endpoint/upload_store.go:211.29,212.44 1 1906
github.com/zR-JB/graphite-meter/go/internal/endpoint/upload_store.go:212.44,215.4 2 1
github.com/zR-JB/graphite-meter/go/internal/endpoint/upload_store.go:216.3,217.12 2 1905
github.com/zR-JB/graphite-meter/go/internal/endpoint/upload_store.go:217.12,219.4 1 1903
github.com/zR-JB/graphite-meter/go/internal/endpoint/upload_store.go:220.3,220.29 1 1905
github.com/zR-JB/graphite-meter/go/internal/endpoint/upload_store.go:222.2,222.20 1 3487
github.com/zR-JB/graphite-meter/go/internal/endpoint/upload_store.go:222.20,225.3 2 5
github.com/zR-JB/graphite-meter/go/internal/endpoint/upload_store.go:226.2,226.6 1 3482
github.com/zR-JB/graphite-meter/go/internal/endpoint/upload_store.go:226.6,228.26 2 3482
github.com/zR-JB/graphite-meter/go/internal/endpoint/upload_store.go:228.26,231.4 2 3
github.com/zR-JB/graphite-meter/go/internal/endpoint/upload_store.go:232.3,232.36 1 3479
github.com/zR-JB/graphite-meter/go/internal/endpoint/upload_store.go:232.36,233.9 1 3479
github.com/zR-JB/graphite-meter/go/internal/endpoint/upload_store.go:236.2,236.17 1 3479
github.com/zR-JB/graphite-meter/go/internal/endpoint/upload_store.go:236.17,238.50 2 72
github.com/zR-JB/graphite-meter/go/internal/endpoint/upload_store.go:238.50,243.4 4 1
github.com/zR-JB/graphite-meter/go/internal/endpoint/upload_store.go:244.3,245.22 2 71
github.com/zR-JB/graphite-meter/go/internal/endpoint/upload_store.go:247.2,251.28 5 3478
github.com/zR-JB/graphite-meter/go/internal/endpoint/upload_store.go:254.52,255.21 1 136
github.com/zR-JB/graphite-meter/go/internal/endpoint/upload_store.go:255.21,257.3 1 103
github.com/zR-JB/graphite-meter/go/internal/endpoint/upload_store.go:258.2,260.31 3 33
github.com/zR-JB/graphite-meter/go/internal/endpoint/upload_store.go:260.31,262.3 1 2
github.com/zR-JB/graphite-meter/go/internal/endpoint/upload_store.go:263.2,263.21 1 33
github.com/zR-JB/graphite-meter/go/internal/endpoint/upload_store.go:266.64,268.9 2 1
github.com/zR-JB/graphite-meter/go/internal/endpoint/upload_store.go:268.9,270.3 1 0
github.com/zR-JB/graphite-meter/go/internal/endpoint/upload_store.go:271.2,271.43 1 1
github.com/zR-JB/graphite-meter/go/internal/endpoint/upload_store.go:271.43,273.3 1 0
github.com/zR-JB/graphite-meter/go/internal/endpoint/upload_store.go:274.2,274.27 1 1
github.com/zR-JB/graphite-meter/go/internal/endpoint/upload_store.go:274.27,274.50 1 1
github.com/zR-JB/graphite-meter/go/internal/endpoint/upload_store.go:275.2,275.23 1 1
github.com/zR-JB/graphite-meter/go/internal/endpoint/upload_store.go:279.57,280.14 1 2016
github.com/zR-JB/graphite-meter/go/internal/endpoint/upload_store.go:280.14,282.3 1 0
github.com/zR-JB/graphite-meter/go/internal/endpoint/upload_store.go:283.2,287.16 5 2016
github.com/zR-JB/graphite-meter/go/internal/endpoint/upload_store.go:292.41,295.29 3 4
github.com/zR-JB/graphite-meter/go/internal/endpoint/upload_store.go:295.29,300.3 4 2
github.com/zR-JB/graphite-meter/go/internal/endpoint/upload_store.go:301.2,301.16 1 4
github.com/zR-JB/graphite-meter/go/internal/endpoint/upload_store.go:307.48,310.26 3 64
github.com/zR-JB/graphite-meter/go/internal/endpoint/upload_store.go:310.26,313.29 3 2048
github.com/zR-JB/graphite-meter/go/internal/endpoint/upload_store.go:313.29,314.69 1 11613
github.com/zR-JB/graphite-meter/go/internal/endpoint/upload_store.go:314.69,319.5 4 134
github.com/zR-JB/graphite-meter/go/internal/endpoint/upload_store.go:321.3,321.17 1 2048
github.com/zR-JB/graphite-meter/go/internal/endpoint/upload_store.go:328.55,331.6 3 0
github.com/zR-JB/graphite-meter/go/internal/endpoint/upload_store.go:331.6,332.10 1 0
github.com/zR-JB/graphite-meter/go/internal/endpoint/upload_store.go:333.21,334.10 1 0
github.com/zR-JB/graphite-meter/go/internal/endpoint/upload_store.go:335.19,336.24 1 0
github.com/zR-JB/graphite-meter/go/cmd/graphite-meter-client/format.go:11.46,21.42 2 56
github.com/zR-JB/graphite-meter/go/cmd/graphite-meter-client/format.go:21.42,23.3 1 54
github.com/zR-JB/graphite-meter/go/cmd/graphite-meter-client/format.go:24.2,24.15 1 2
github.com/zR-JB/graphite-meter/go/cmd/graphite-meter-client/format.go:27.47,29.15 2 7
github.com/zR-JB/graphite-meter/go/cmd/graphite-meter-client/format.go:29.15,31.3 1 5
github.com/zR-JB/graphite-meter/go/cmd/graphite-meter-client/format.go:32.2,32.16 1 7
github.com/zR-JB/graphite-meter/go/cmd/graphite-meter-client/format.go:32.16,34.3 1 5
github.com/zR-JB/graphite-meter/go/cmd/graphite-meter-client/format.go:35.2,35.14 1 7
github.com/zR-JB/graphite-meter/go/cmd/graphite-meter-client/format.go:35.14,37.3 1 5
github.com/zR-JB/graphite-meter/go/cmd/graphite-meter-client/format.go:38.2,38.21 1 7
github.com/zR-JB/graphite-meter/go/cmd/graphite-meter-client/format.go:38.21,40.3 1 1
github.com/zR-JB/graphite-meter/go/cmd/graphite-meter-client/format.go:41.2,41.21 1 7
github.com/zR-JB/graphite-meter/go/cmd/graphite-meter-client/format.go:41.21,43.3 1 1
github.com/zR-JB/graphite-meter/go/cmd/graphite-meter-client/format.go:44.2,44.34 1 6
github.com/zR-JB/graphite-meter/go/cmd/graphite-meter-client/format.go:49.45,51.22 2 90
github.com/zR-JB/graphite-meter/go/cmd/graphite-meter-client/format.go:51.22,53.3 1 1
github.com/zR-JB/graphite-meter/go/cmd/graphite-meter-client/format.go:54.2,55.27 2 89
github.com/zR-JB/graphite-meter/go/cmd/graphite-meter-client/format.go:55.27,57.3 1 266
github.com/zR-JB/graphite-meter/go/cmd/graphite-meter-client/format.go:58.2,58.14 1 89
github.com/zR-JB/graphite-meter/go/cmd/graphite-meter-client/format.go:61.60,63.2 1 101
github.com/zR-JB/graphite-meter/go/cmd/graphite-meter-client/format.go:65.50,67.2 1 198
github.com/zR-JB/graphite-meter/go/cmd/graphite-meter-client/format.go:72.86,74.28 2 54
github.com/zR-JB/graphite-meter/go/cmd/graphite-meter-client/format.go:74.28,75.22 1 55
github.com/zR-JB/graphite-meter/go/cmd/graphite-meter-client/format.go:75.22,77.9 2 54
github.com/zR-JB/graphite-meter/go/cmd/graphite-meter-client/format.go:80.2,81.20 2 54
github.com/zR-JB/graphite-meter/go/cmd/graphite-meter-client/format.go:81.20,83.3 1 1
github.com/zR-JB/graphite-meter/go/cmd/graphite-meter-client/format.go:84.2,84.106 1 54
github.com/zR-JB/graphite-meter/go/cmd/graphite-meter-client/format.go:87.31,88.8 1 103
github.com/zR-JB/graphite-meter/go/cmd/graphite-meter-client/format.go:88.8,90.3 1 61
github.com/zR-JB/graphite-meter/go/cmd/graphite-meter-client/format.go:91.2,91.33 1 42
github.com/zR-JB/graphite-meter/go/cmd/graphite-meter-client/format.go:94.34,95.13 1 7
github.com/zR-JB/graphite-meter/go/cmd/graphite-meter-client/format.go:96.9,97.18 1 1
github.com/zR-JB/graphite-meter/go/cmd/graphite-meter-client/format.go:98.9,99.28 1 1
github.com/zR-JB/graphite-meter/go/cmd/graphite-meter-client/format.go:100.9,101.29 1 1
github.com/zR-JB/graphite-meter/go/cmd/graphite-meter-client/format.go:102.9,103.27 1 1
github.com/zR-JB/graphite-meter/go/cmd/graphite-meter-client/format.go:104.9,105.34 1 1
github.com/zR-JB/graphite-meter/go/cmd/graphite-meter-client/format.go:106.9,107.25 1 1
github.com/zR-JB/graphite-meter/go/cmd/graphite-meter-client/format.go:108.10,109.12 1 1
github.com/zR-JB/graphite-meter/go/cmd/graphite-meter-client/format.go:122.67,124.15 2 18
github.com/zR-JB/graphite-meter/go/cmd/graphite-meter-client/format.go:124.15,126.16 2 12
github.com/zR-JB/graphite-meter/go/cmd/graphite-meter-client/format.go:126.16,128.4 1 0
github.com/zR-JB/graphite-meter/go/cmd/graphite-meter-client/format.go:129.3,129.29 1 12
github.com/zR-JB/graphite-meter/go/cmd/graphite-meter-client/format.go:129.29,131.4 1 0
github.com/zR-JB/graphite-meter/go/cmd/graphite-meter-client/format.go:133.2,135.29 3 18
github.com/zR-JB/graphite-meter/go/cmd/graphite-meter-client/format.go:135.29,137.3 1 7
github.com/zR-JB/graphite-meter/go/cmd/graphite-meter-client/format.go:138.2,139.22 2 11
github.com/zR-JB/graphite-meter/go/cmd/graphite-meter-client/format.go:139.22,141.3 1 1
github.com/zR-JB/graphite-meter/go/cmd/graphite-meter-client/format.go:142.2,143.16 2 11
github.com/zR-JB/graphite-meter/go/cmd/graphite-meter-client/format.go:143.16,146.3 2 3
github.com/zR-JB/graphite-meter/go/cmd/graphite-meter-client/format.go:147.2,147.64 1 11
github.com/zR-JB/graphite-meter/go/cmd/graphite-meter-client/format.go:150.63,153.2 2 6
github.com/zR-JB/graphite-meter/go/cmd/graphite-meter-client/format.go:159.67,160.16 1 8
github.com/zR-JB/graphite-meter/go/cmd/graphite-meter-client/format.go:160.16,161.21 1 5
github.com/zR-JB/graphite-meter/go/cmd/graphite-meter-client/format.go:161.21,163.4 1 1
github.com/zR-JB/graphite-meter/go/cmd/graphite-meter-client/format.go:164.3,164.70 1 4
github.com/zR-JB/graphite-meter/go/cmd/graphite-meter-client/format.go:166.2,167.17 2 3
github.com/zR-JB/graphite-meter/go/cmd/graphite-meter-client/format.go:167.17,169.3 1 0
github.com/zR-JB/graphite-meter/go/cmd/graphite-meter-client/format.go:170.2,171.9 2 3
github.com/zR-JB/graphite-meter/go/cmd/graphite-meter-client/format.go:172.23,173.69 1 1
github.com/zR-JB/graphite-meter/go/cmd/graphite-meter-client/format.go:174.22,175.65 1 1
github.com/zR-JB/graphite-meter/go/cmd/graphite-meter-client/format.go:177.2,177.13 1 3
github.com/zR-JB/graphite-meter/go/cmd/graphite-meter-client/format.go:180.33,181.13 1 109
github.com/zR-JB/graphite-meter/go/cmd/graphite-meter-client/format.go:181.13,183.3 1 109
github.com/zR-JB/graphite-meter/go/cmd/graphite-meter-client/format.go:184.2,184.10 1 0
github.com/zR-JB/graphite-meter/go/cmd/graphite-meter-client/format.go:187.42,191.39 4 25
github.com/zR-JB/graphite-meter/go/cmd/graphite-meter-client/format.go:191.39,194.3 2 40
github.com/zR-JB/graphite-meter/go/cmd/graphite-meter-client/format.go:195.2,195.12 1 25
github.com/zR-JB/graphite-meter/go/cmd/graphite-meter-client/format.go:195.12,197.3 1 8
github.com/zR-JB/graphite-meter/go/cmd/graphite-meter-client/format.go:198.2,198.47 1 17
github.com/zR-JB/graphite-meter/go/cmd/graphite-meter-client/format.go:201.32,205.36 4 12
github.com/zR-JB/graphite-meter/go/cmd/graphite-meter-client/format.go:205.36,208.3 2 21
github.com/zR-JB/graphite-meter/go/cmd/graphite-meter-client/format.go:209.2,209.12 1 12
github.com/zR-JB/graphite-meter/go/cmd/graphite-meter-client/format.go:209.12,211.3 1 4
github.com/zR-JB/graphite-meter/go/cmd/graphite-meter-client/format.go:212.2,212.44 1 8
github.com/zR-JB/graphite-meter/go/cmd/graphite-meter-client/format.go:217.39,218.11 1 8
github.com/zR-JB/graphite-meter/go/cmd/graphite-meter-client/format.go:218.11,220.3 1 1
github.com/zR-JB/graphite-meter/go/cmd/graphite-meter-client/format.go:221.2,221.21 1 8
github.com/zR-JB/graphite-meter/go/cmd/graphite-meter-client/format.go:221.21,223.3 1 6
github.com/zR-JB/graphite-meter/go/cmd/graphite-meter-client/format.go:224.2,224.38 1 2
github.com/zR-JB/graphite-meter/go/cmd/graphite-meter-client/format.go:227.36,228.12 1 8
github.com/zR-JB/graphite-meter/go/cmd/graphite-meter-client/format.go:228.12,230.3 1 2
github.com/zR-JB/graphite-meter/go/cmd/graphite-meter-client/format.go:231.2,231.63 1 6
github.com/zR-JB/graphite-meter/go/cmd/graphite-meter-client/format.go:234.33,235.15 1 37
github.com/zR-JB/graphite-meter/go/cmd/graphite-meter-client/format.go:235.15,237.3 1 1
github.com/zR-JB/graphite-meter/go/cmd/graphite-meter-client/format.go:238.2,238.13 1 36
github.com/zR-JB/graphite-meter/go/cmd/graphite-meter-client/format.go:238.13,240.3 1 8
github.com/zR-JB/graphite-meter/go/cmd/graphite-meter-client/format.go:241.2,241.13 1 28
github.com/zR-JB/graphite-meter/go/cmd/graphite-meter-client/format.go:241.13,243.3 1 10
github.com/zR-JB/graphite-meter/go/cmd/graphite-meter-client/format.go:244.2,244.10 1 18
github.com/zR-JB/graphite-meter/go/cmd/graphite-meter-client/format.go:247.24,248.11 1 373
github.com/zR-JB/graphite-meter/go/cmd/graphite-meter-client/format.go:248.11,250.3 1 182
github.com/zR-JB/graphite-meter/go/cmd/graphite-meter-client/format.go:251.2,251.10 1 191
github.com/zR-JB/graphite-meter/go/cmd/graphite-meter-client/keys.go:48.35,49.22 1 27
github.com/zR-JB/graphite-meter/go/cmd/graphite-meter-client/keys.go:50.38,51.14 1 8
github.com/zR-JB/graphite-meter/go/cmd/graphite-meter-client/keys.go:53.2,53.14 1 19
github.com/zR-JB/graphite-meter/go/cmd/graphite-meter-client/keys.go:57.42,58.9 1 101
github.com/zR-JB/graphite-meter/go/cmd/graphite-meter-client/keys.go:59.31,60.74 1 2
github.com/zR-JB/graphite-meter/go/cmd/graphite-meter-client/keys.go:61.22,62.48 1 2
github.com/zR-JB/graphite-meter/go/cmd/graphite-meter-client/keys.go:63.39,64.68 1 2
github.com/zR-JB/graphite-meter/go/cmd/graphite-meter-client/keys.go:65.25,66.58 1 5
github.com/zR-JB/graphite-meter/go/cmd/graphite-meter-client/keys.go:67.10,68.109 1 90
github.com/zR-JB/graphite-meter/go/cmd/graphite-meter-client/keys.go:74.43,77.35 3 0
github.com/zR-JB/graphite-meter/go/cmd/graphite-meter-client/keys.go:77.35,79.3 1 0
github.com/zR-JB/graphite-meter/go/cmd/graphite-meter-client/keys.go:80.2,80.13 1 0
github.com/zR-JB/graphite-meter/go/cmd/graphite-meter-client/main.go:16.13,39.17 22 0
github.com/zR-JB/graphite-meter/go/cmd/graphite-meter-client/main.go:39.17,42.3 2 0
github.com/zR-JB/graphite-meter/go/cmd/graphite-meter-client/main.go:44.2,49.16 5 0
github.com/zR-JB/graphite-meter/go/cmd/graphite-meter-client/main.go:49.16,52.3 2 0
github.com/zR-JB/graphite-meter/go/cmd/graphite-meter-client/main.go:53.2,53.32 1 0
github.com/zR-JB/graphite-meter/go/cmd/graphite-meter-client/main.go:53.32,54.46 1 0
github.com/zR-JB/graphite-meter/go/cmd/graphite-meter-client/main.go:54.46,56.4 1 0
github.com/zR-JB/graphite-meter/go/cmd/graphite-meter-client/main.go:60.48,62.47 2 6
github.com/zR-JB/graphite-meter/go/cmd/graphite-meter-client/main.go:62.47,63.51 1 14
github.com/zR-JB/graphite-meter/go/cmd/graphite-meter-client/main.go:64.26,65.20 1 3
github.com/zR-JB/graphite-meter/go/cmd/graphite-meter-client/main.go:66.27,67.21 1 4
github.com/zR-JB/graphite-meter/go/cmd/graphite-meter-client/main.go:68.23,69.19 1 2
github.com/zR-JB/graphite-meter/go/cmd/graphite-meter-client/main.go:70.32,71.26 1 2
github.com/zR-JB/graphite-meter/go/cmd/graphite-meter-client/main.go:74.2,74.10 1 6
github.com/zR-JB/graphite-meter/go/cmd/graphite-meter-client/main.go:77.42,78.49 1 9
github.com/zR-JB/graphite-meter/go/cmd/graphite-meter-client/main.go:79.17,80.31 1 1
github.com/zR-JB/graphite-meter/go/cmd/graphite-meter-client/main.go:81.14,82.32 1 2
github.com/zR-JB/graphite-meter/go/cmd/graphite-meter-client/main.go:83.20,84.32 1 2
github.com/zR-JB/graphite-meter/go/cmd/graphite-meter-client/main.go:85.10,87.27 2 4
github.com/zR-JB/graphite-meter/go/cmd/graphite-meter-client/main.go:87.27,89.4 1 3
github.com/zR-JB/graphite-meter/go/cmd/graphite-meter-client/main.go:90.3,90.11 1 1
github.com/zR-JB/graphite-meter/go/cmd/graphite-meter-client/model.go:94.62,102.2 7 61
github.com/zR-JB/graphite-meter/go/cmd/graphite-meter-client/model.go:138.43,139.45 1 95
github.com/zR-JB/graphite-meter/go/cmd/graphite-meter-client/model.go:139.45,140.10 1 285
github.com/zR-JB/graphite-meter/go/cmd/graphite-meter-client/model.go:141.29,142.20 1 11
github.com/zR-JB/graphite-meter/go/cmd/graphite-meter-client/model.go:143.29,144.23 1 181
github.com/zR-JB/graphite-meter/go/cmd/graphite-meter-client/model.go:145.36,146.22 1 2
github.com/zR-JB/graphite-meter/go/cmd/graphite-meter-client/model.go:147.41,148.23 1 2
github.com/zR-JB/graphite-meter/go/cmd/graphite-meter-client/model.go:149.11,150.22 1 89
github.com/zR-JB/graphite-meter/go/cmd/graphite-meter-client/model.go:153.2,154.9 2 95
github.com/zR-JB/graphite-meter/go/cmd/graphite-meter-client/model.go:155.40,156.58 1 2
github.com/zR-JB/graphite-meter/go/cmd/graphite-meter-client/model.go:157.29,158.55 1 1
github.com/zR-JB/graphite-meter/go/cmd/graphite-meter-client/model.go:159.34,160.55 1 1
github.com/zR-JB/graphite-meter/go/cmd/graphite-meter-client/model.go:162.2,167.3 1 95
github.com/zR-JB/graphite-meter/go/cmd/graphite-meter-client/model.go:192.57,194.53 2 100
github.com/zR-JB/graphite-meter/go/cmd/graphite-meter-client/model.go:194.53,195.9 1 400
github.com/zR-JB/graphite-meter/go/cmd/graphite-meter-client/model.go:195.9,197.4 1 291
github.com/zR-JB/graphite-meter/go/cmd/graphite-meter-client/model.go:199.2,203.15 5 100
github.com/zR-JB/graphite-meter/go/cmd/graphite-meter-client/model.go:276.42,298.2 5 119
github.com/zR-JB/graphite-meter/go/cmd/graphite-meter-client/model.go:300.31,302.2 1 0
github.com/zR-JB/graphite-meter/go/cmd/graphite-meter-client/model.go:308.33,309.23 1 0
github.com/zR-JB/graphite-meter/go/cmd/graphite-meter-client/model.go:309.23,311.3 1 0
github.com/zR-JB/graphite-meter/go/cmd/graphite-meter-client/model.go:312.2,312.74 1 0
github.com/zR-JB/graphite-meter/go/cmd/graphite-meter-client/model.go:315.62,316.24 1 8
github.com/zR-JB/graphite-meter/go/cmd/graphite-meter-client/model.go:316.24,321.3 4 0
github.com/zR-JB/graphite-meter/go/cmd/graphite-meter-client/model.go:324.79,325.24 1 2
github.com/zR-JB/graphite-meter/go/cmd/graphite-meter-client/model.go:325.24,328.3 2 0
github.com/zR-JB/graphite-meter/go/cmd/graphite-meter-client/model.go:335.75,336.24 1 0
github.com/zR-JB/graphite-meter/go/cmd/graphite-meter-client/model.go:336.24,341.3 4 0
github.com/zR-JB/graphite-meter/go/cmd/graphite-meter-client/model.go:344.60,352.2 7 8
github.com/zR-JB/graphite-meter/go/cmd/graphite-meter-client/model.go:354.64,355.24 1 6
github.com/zR-JB/graphite-meter/go/cmd/graphite-meter-client/model.go:355.24,357.10 2 2
github.com/zR-JB/graphite-meter/go/cmd/graphite-meter-client/model.go:357.10,359.4 1 0
github.com/zR-JB/graphite-meter/go/cmd/graphite-meter-client/model.go:360.3,361.7 2 2
github.com/zR-JB/graphite-meter/go/cmd/graphite-meter-client/model.go:361.7,362.11 1 4
github.com/zR-JB/graphite-meter/go/cmd/graphite-meter-client/model.go:363.27,364.12 1 4
github.com/zR-JB/graphite-meter/go/cmd/graphite-meter-client/model.go:364.12,366.6 1 2
github.com/zR-JB/graphite-meter/go/cmd/graphite-meter-client/model.go:367.5,367.29 1 2
github.com/zR-JB/graphite-meter/go/cmd/graphite-meter-client/model.go:368.12,369.46 1 0
github.com/zR-JB/graphite-meter/go/cmd/graphite-meter-client/model.go:375.51,376.24 1 1
github.com/zR-JB/graphite-meter/go/cmd/graphite-meter-client/model.go:376.24,378.3 1 0
github.com/zR-JB/graphite-meter/go/cmd/graphite-meter-client/model.go:381.57,382.27 1 41
github.com/zR-JB/graphite-meter/go/cmd/graphite-meter-client/model.go:383.25,385.16 2 2
github.com/zR-JB/graphite-meter/go/cmd/graphite-meter-client/model.go:386.18,387.26 1 5
github.com/zR-JB/graphite-meter/go/cmd/graphite-meter-client/model.go:388.20,389.28 1 6
github.com/zR-JB/graphite-meter/go/cmd/graphite-meter-client/model.go:390.23,391.21 1 0
github.com/zR-JB/graphite-meter/go/cmd/graphite-meter-client/model.go:391.21,393.4 1 0
github.com/zR-JB/graphite-meter/go/cmd/graphite-meter-client/model.go:394.3,395.36 2 0
github.com/zR-JB/graphite-meter/go/cmd/graphite-meter-client/model.go:395.36,397.4 1 0
github.com/zR-JB/graphite-meter/go/cmd/graphite-meter-client/model.go:398.3,400.16 3 0
github.com/zR-JB/graphite-meter/go/cmd/graphite-meter-client/model.go:401.22,402.30 1 10
github.com/zR-JB/graphite-meter/go/cmd/graphite-meter-client/model.go:402.30,404.4 1 2
github.com/zR-JB/graphite-meter/go/cmd/graphite-meter-client/model.go:405.3,407.23 3 8
github.com/zR-JB/graphite-meter/go/cmd/graphite-meter-client/model.go:407.23,410.4 2 3
github.com/zR-JB/graphite-meter/go/cmd/graphite-meter-client/model.go:411.3,411.21 1 8
github.com/zR-JB/graphite-meter/go/cmd/graphite-meter-client/model.go:411.21,413.36 2 6
github.com/zR-JB/graphite-meter/go/cmd/graphite-meter-client/model.go:413.36,416.25 3 2
github.com/zR-JB/graphite-meter/go/cmd/graphite-meter-client/model.go:416.25,418.6 1 1
github.com/zR-JB/graphite-meter/go/cmd/graphite-meter-client/model.go:419.5,421.91 3 2
github.com/zR-JB/graphite-meter/go/cmd/graphite-meter-client/model.go:423.4,425.24 3 4
github.com/zR-JB/graphite-meter/go/cmd/graphite-meter-client/model.go:425.24,427.5 1 2
github.com/zR-JB/graphite-meter/go/cmd/graphite-meter-client/model.go:427.10,429.5 1 2
github.com/zR-JB/graphite-meter/go/cmd/graphite-meter-client/model.go:430.4,431.20 2 4
github.com/zR-JB/graphite-meter/go/cmd/graphite-meter-client/model.go:432.9,439.4 6 2
github.com/zR-JB/graphite-meter/go/cmd/graphite-meter-client/model.go:440.3,440.16 1 6
github.com/zR-JB/graphite-meter/go/cmd/graphite-meter-client/model.go:441.24,442.30 1 1
github.com/zR-JB/graphite-meter/go/cmd/graphite-meter-client/model.go:442.30,444.4 1 1
github.com/zR-JB/graphite-meter/go/cmd/graphite-meter-client/model.go:445.3,445.21 1 0
github.com/zR-JB/graphite-meter/go/cmd/graphite-meter-client/model.go:445.21,449.4 3 0
github.com/zR-JB/graphite-meter/go/cmd/graphite-meter-client/model.go:450.3,454.76 5 0
github.com/zR-JB/graphite-meter/go/cmd/graphite-meter-client/model.go:455.20,456.30 1 5
github.com/zR-JB/graphite-meter/go/cmd/graphite-meter-client/model.go:456.30,458.4 1 2
github.com/zR-JB/graphite-meter/go/cmd/graphite-meter-client/model.go:459.3,460.21 2 3
github.com/zR-JB/graphite-meter/go/cmd/graphite-meter-client/model.go:460.21,464.4 3 1
github.com/zR-JB/graphite-meter/go/cmd/graphite-meter-client/model.go:465.3,466.66 2 2
github.com/zR-JB/graphite-meter/go/cmd/graphite-meter-client/model.go:466.66,469.4 2 1
github.com/zR-JB/graphite-meter/go/cmd/graphite-meter-client/model.go:470.3,473.26 4 1
github.com/zR-JB/graphite-meter/go/cmd/graphite-meter-client/model.go:474.17,475.26 1 6
github.com/zR-JB/graphite-meter/go/cmd/graphite-meter-client/model.go:475.26,477.4 1 1
github.com/zR-JB/graphite-meter/go/cmd/graphite-meter-client/model.go:478.3,479.36 2 5
github.com/zR-JB/graphite-meter/go/cmd/graphite-meter-client/model.go:479.36,481.4 1 7
github.com/zR-JB/graphite-meter/go/cmd/graphite-meter-client/model.go:482.3,482.40 1 5
github.com/zR-JB/graphite-meter/go/cmd/graphite-meter-client/model.go:482.40,484.4 1 4
github.com/zR-JB/graphite-meter/go/cmd/graphite-meter-client/model.go:485.15,486.26 1 6
github.com/zR-JB/graphite-meter/go/cmd/graphite-meter-client/model.go:486.26,488.4 1 1
github.com/zR-JB/graphite-meter/go/cmd/graphite-meter-client/model.go:489.3,490.35 2 5
github.com/zR-JB/graphite-meter/go/cmd/graphite-meter-client/model.go:490.35,491.23 1 0
github.com/zR-JB/graphite-meter/go/cmd/graphite-meter-client/model.go:491.23,493.5 1 0
github.com/zR-JB/graphite-meter/go/cmd/graphite-meter-client/model.go:494.4,498.37 5 0
github.com/zR-JB/graphite-meter/go/cmd/graphite-meter-client/model.go:498.37,500.5 1 0
github.com/zR-JB/graphite-meter/go/cmd/graphite-meter-client/model.go:501.4,502.90 2 0
github.com/zR-JB/graphite-meter/go/cmd/graphite-meter-client/model.go:504.3,504.79 1 5
github.com/zR-JB/graphite-meter/go/cmd/graphite-meter-client/model.go:504.79,507.4 2 1
github.com/zR-JB/graphite-meter/go/cmd/graphite-meter-client/model.go:508.3,508.78 1 5
github.com/zR-JB/graphite-meter/go/cmd/graphite-meter-client/model.go:508.78,510.4 1 2
github.com/zR-JB/graphite-meter/go/cmd/graphite-meter-client/model.go:511.3,514.16 4 5
github.com/zR-JB/graphite-meter/go/cmd/graphite-meter-client/model.go:515.10,518.30 1 0
github.com/zR-JB/graphite-meter/go/cmd/graphite-meter-client/model.go:518.30,522.4 3 0
github.com/zR-JB/graphite-meter/go/cmd/graphite-meter-client/model.go:524.2,524.15 1 1
github.com/zR-JB/graphite-meter/go/cmd/graphite-meter-client/model.go:527.63,528.9 1 69
github.com/zR-JB/graphite-meter/go/cmd/graphite-meter-client/model.go:529.31,530.30 1 23
github.com/zR-JB/graphite-meter/go/cmd/graphite-meter-client/model.go:531.25,538.16 3 8
github.com/zR-JB/graphite-meter/go/cmd/graphite-meter-client/model.go:539.35,540.22 1 4
github.com/zR-JB/graphite-meter/go/cmd/graphite-meter-client/model.go:540.22,542.4 1 2
github.com/zR-JB/graphite-meter/go/cmd/graphite-meter-client/model.go:543.3,543.21 1 4
github.com/zR-JB/graphite-meter/go/cmd/graphite-meter-client/model.go:544.22,545.35 1 2
github.com/zR-JB/graphite-meter/go/cmd/graphite-meter-client/model.go:546.35,548.16 2 1
github.com/zR-JB/graphite-meter/go/cmd/graphite-meter-client/model.go:549.25,550.29 1 4
github.com/zR-JB/graphite-meter/go/cmd/graphite-meter-client/model.go:552.2,552.34 1 27
github.com/zR-JB/graphite-meter/go/cmd/graphite-meter-client/model.go:555.72,557.18 2 27
github.com/zR-JB/graphite-meter/go/cmd/graphite-meter-client/model.go:557.18,559.3 1 8
github.com/zR-JB/graphite-meter/go/cmd/graphite-meter-client/model.go:560.2,560.9 1 27
github.com/zR-JB/graphite-meter/go/cmd/graphite-meter-client/model.go:561.39,563.42 2 8
github.com/zR-JB/graphite-meter/go/cmd/graphite-meter-client/model.go:564.35,565.47 1 11
github.com/zR-JB/graphite-meter/go/cmd/graphite-meter-client/model.go:566.39,567.21 1 1
github.com/zR-JB/graphite-meter/go/cmd/graphite-meter-client/model.go:568.34,569.22 1 1
github.com/zR-JB/graphite-meter/go/cmd/graphite-meter-client/model.go:570.37,571.26 1 2
github.com/zR-JB/graphite-meter/go/cmd/graphite-meter-client/model.go:573.2,573.15 1 23
github.com/zR-JB/graphite-meter/go/cmd/graphite-meter-client/model.go:578.48,582.2 1 46
github.com/zR-JB/graphite-meter/go/cmd/graphite-meter-client/model.go:584.66,585.17 1 4
github.com/zR-JB/graphite-meter/go/cmd/graphite-meter-client/model.go:585.17,586.55 1 3
github.com/zR-JB/graphite-meter/go/cmd/graphite-meter-client/model.go:586.55,589.4 2 2
github.com/zR-JB/graphite-meter/go/cmd/graphite-meter-client/model.go:590.3,590.16 1 3
github.com/zR-JB/graphite-meter/go/cmd/graphite-meter-client/model.go:592.2,592.9 1 1
github.com/zR-JB/graphite-meter/go/cmd/graphite-meter-client/model.go:593.35,596.12 3 1
github.com/zR-JB/graphite-meter/go/cmd/graphite-meter-client/model.go:597.36,598.22 1 0
github.com/zR-JB/graphite-meter/go/cmd/graphite-meter-client/model.go:600.2,600.15 1 1
github.com/zR-JB/graphite-meter/go/cmd/graphite-meter-client/model.go:603.72,605.37 2 2
github.com/zR-JB/graphite-meter/go/cmd/graphite-meter-client/model.go:605.37,608.3 2 1
github.com/zR-JB/graphite-meter/go/cmd/graphite-meter-client/model.go:609.2,609.21 1 1
github.com/zR-JB/graphite-meter/go/cmd/graphite-meter-client/model.go:609.21,612.3 2 1
github.com/zR-JB/graphite-meter/go/cmd/graphite-meter-client/model.go:613.2,614.15 2 1
github.com/zR-JB/graphite-meter/go/cmd/graphite-meter-client/model.go:620.67,621.77 1 6
github.com/zR-JB/graphite-meter/go/cmd/graphite-meter-client/model.go:621.77,623.3 1 2
github.com/zR-JB/graphite-meter/go/cmd/graphite-meter-client/model.go:624.2,624.56 1 4
github.com/zR-JB/graphite-meter/go/cmd/graphite-meter-client/model.go:624.56,626.3 1 0
github.com/zR-JB/graphite-meter/go/cmd/graphite-meter-client/model.go:627.2,627.25 1 4
github.com/zR-JB/graphite-meter/go/cmd/graphite-meter-client/model.go:627.25,628.34 1 1
github.com/zR-JB/graphite-meter/go/cmd/graphite-meter-client/model.go:628.34,629.43 1 3
github.com/zR-JB/graphite-meter/go/cmd/graphite-meter-client/model.go:629.43,632.10 3 1
github.com/zR-JB/graphite-meter/go/cmd/graphite-meter-client/model.go:635.3,635.16 1 1
github.com/zR-JB/graphite-meter/go/cmd/graphite-meter-client/model.go:637.2,637.29 1 3
github.com/zR-JB/graphite-meter/go/cmd/graphite-meter-client/model.go:637.29,639.3 1 1
github.com/zR-JB/graphite-meter/go/cmd/graphite-meter-client/model.go:640.2,640.31 1 2
github.com/zR-JB/graphite-meter/go/cmd/graphite-meter-client/model.go:640.31,641.17 1 6
github.com/zR-JB/graphite-meter/go/cmd/graphite-meter-client/model.go:641.17,642.12 1 4
github.com/zR-JB/graphite-meter/go/cmd/graphite-meter-client/model.go:644.3,644.17 1 2
github.com/zR-JB/graphite-meter/go/cmd/graphite-meter-client/model.go:644.17,646.4 1 1
github.com/zR-JB/graphite-meter/go/cmd/graphite-meter-client/model.go:647.3,648.16 2 1
github.com/zR-JB/graphite-meter/go/cmd/graphite-meter-client/model.go:650.2,650.15 1 0
github.com/zR-JB/graphite-meter/go/cmd/graphite-meter-client/model.go:655.47,659.84 4 2
github.com/zR-JB/graphite-meter/go/cmd/graphite-meter-client/model.go:659.84,661.3 1 1
github.com/zR-JB/graphite-meter/go/cmd/graphite-meter-client/model.go:662.2,662.18 1 1
github.com/zR-JB/graphite-meter/go/cmd/graphite-meter-client/model.go:665.67,666.9 1 23
github.com/zR-JB/graphite-meter/go/cmd/graphite-meter-client/model.go:667.36,668.22 1 1
github.com/zR-JB/graphite-meter/go/cmd/graphite-meter-client/model.go:668.22,670.4 1 0
github.com/zR-JB/graphite-meter/go/cmd/graphite-meter-client/model.go:671.3,671.21 1 1
github.com/zR-JB/graphite-meter/go/cmd/graphite-meter-client/model.go:672.38,675.16 3 2
github.com/zR-JB/graphite-meter/go/cmd/graphite-meter-client/model.go:676.36,679.22 3 5
github.com/zR-JB/graphite-meter/go/cmd/graphite-meter-client/model.go:679.22,681.4 1 3
github.com/zR-JB/graphite-meter/go/cmd/graphite-meter-client/model.go:682.3,682.16 1 2
github.com/zR-JB/graphite-meter/go/cmd/graphite-meter-client/model.go:684.2,687.15 4 15
github.com/zR-JB/graphite-meter/go/cmd/graphite-meter-client/model.go:691.45,694.2 2 17
github.com/zR-JB/graphite-meter/go/cmd/graphite-meter-client/model.go:696.45,699.2 2 18
github.com/zR-JB/graphite-meter/go/cmd/graphite-meter-client/model.go:701.30,705.21 3 35
github.com/zR-JB/graphite-meter/go/cmd/graphite-meter-client/model.go:706.15,707.16 1 10
github.com/zR-JB/graphite-meter/go/cmd/graphite-meter-client/model.go:707.16,710.4 2 1
github.com/zR-JB/graphite-meter/go/cmd/graphite-meter-client/model.go:713.3,713.36 1 9
github.com/zR-JB/graphite-meter/go/cmd/graphite-meter-client/model.go:713.36,715.4 1 2
github.com/zR-JB/graphite-meter/go/cmd/graphite-meter-client/model.go:716.3,716.106 1 9
github.com/zR-JB/graphite-meter/go/cmd/graphite-meter-client/model.go:716.106,719.4 2 3
github.com/zR-JB/graphite-meter/go/cmd/graphite-meter-client/model.go:720.3,720.27 1 6
github.com/zR-JB/graphite-meter/go/cmd/graphite-meter-client/model.go:720.27,723.4 2 5
github.com/zR-JB/graphite-meter/go/cmd/graphite-meter-client/model.go:724.3,725.43 2 6
github.com/zR-JB/graphite-meter/go/cmd/graphite-meter-client/model.go:726.20,728.56 1 16
github.com/zR-JB/graphite-meter/go/cmd/graphite-meter-client/model.go:728.56,730.4 1 2
github.com/zR-JB/graphite-meter/go/cmd/graphite-meter-client/model.go:731.3,732.26 2 16
github.com/zR-JB/graphite-meter/go/cmd/graphite-meter-client/model.go:732.26,735.4 2 4
github.com/zR-JB/graphite-meter/go/cmd/graphite-meter-client/model.go:736.3,736.16 1 12
github.com/zR-JB/graphite-meter/go/cmd/graphite-meter-client/model.go:737.17,738.20 1 2
github.com/zR-JB/graphite-meter/go/cmd/graphite-meter-client/model.go:739.18,740.14 1 2
github.com/zR-JB/graphite-meter/go/cmd/graphite-meter-client/model.go:740.14,743.5 2 1
github.com/zR-JB/graphite-meter/go/cmd/graphite-meter-client/model.go:744.4,744.29 1 1
github.com/zR-JB/graphite-meter/go/cmd/graphite-meter-client/model.go:745.19,746.14 1 5
github.com/zR-JB/graphite-meter/go/cmd/graphite-meter-client/model.go:746.14,749.5 2 1
github.com/zR-JB/graphite-meter/go/cmd/graphite-meter-client/model.go:750.4,750.30 1 4
github.com/zR-JB/graphite-meter/go/cmd/graphite-meter-client/model.go:751.17,752.14 1 1
github.com/zR-JB/graphite-meter/go/cmd/graphite-meter-client/model.go:752.14,755.5 2 1
github.com/zR-JB/graphite-meter/go/cmd/graphite-meter-client/model.go:756.4,756.28 1 0
github.com/zR-JB/graphite-meter/go/cmd/graphite-meter-client/model.go:757.24,758.14 1 1
github.com/zR-JB/graphite-meter/go/cmd/graphite-meter-client/model.go:758.14,761.5 2 1
github.com/zR-JB/graphite-meter/go/cmd/graphite-meter-client/model.go:762.4,762.35 1 0
github.com/zR-JB/graphite-meter/go/cmd/graphite-meter-client/model.go:763.15,764.14 1 1
github.com/zR-JB/graphite-meter/go/cmd/graphite-meter-client/model.go:764.14,767.5 2 1
github.com/zR-JB/graphite-meter/go/cmd/graphite-meter-client/model.go:768.4,768.26 1 0
github.com/zR-JB/graphite-meter/go/cmd/graphite-meter-client/model.go:770.3,770.36 1 7
github.com/zR-JB/graphite-meter/go/cmd/graphite-meter-client/model.go:771.15,774.30 3 9
github.com/zR-JB/graphite-meter/go/cmd/graphite-meter-client/model.go:774.30,776.4 1 2
github.com/zR-JB/graphite-meter/go/cmd/graphite-meter-client/model.go:777.3,777.39 1 9
github.com/zR-JB/graphite-meter/go/cmd/graphite-meter-client/model.go:777.39,778.31 1 4
github.com/zR-JB/graphite-meter/go/cmd/graphite-meter-client/model.go:778.31,781.5 2 1
github.com/zR-JB/graphite-meter/go/cmd/graphite-meter-client/model.go:782.4,783.10 2 3
github.com/zR-JB/graphite-meter/go/cmd/graphite-meter-client/model.go:785.3,785.30 1 5
github.com/zR-JB/graphite-meter/go/cmd/graphite-meter-client/model.go:785.30,787.4 1 1
github.com/zR-JB/graphite-meter/go/cmd/graphite-meter-client/model.go:787.9,789.4 1 4
github.com/zR-JB/graphite-meter/go/cmd/graphite-meter-client/model.go:790.3,790.52 1 5
github.com/zR-JB/graphite-meter/go/cmd/graphite-meter-client/model.go:794.48,795.19 1 27
github.com/zR-JB/graphite-meter/go/cmd/graphite-meter-client/model.go:796.22,797.33 1 5
github.com/zR-JB/graphite-meter/go/cmd/graphite-meter-client/model.go:797.33,799.35 2 2
github.com/zR-JB/graphite-meter/go/cmd/graphite-meter-client/model.go:799.35,802.5 2 2
github.com/zR-JB/graphite-meter/go/cmd/graphite-meter-client/model.go:803.4,805.17 3 2
github.com/zR-JB/graphite-meter/go/cmd/graphite-meter-client/model.go:807.3,808.63 2 3
github.com/zR-JB/graphite-meter/go/cmd/graphite-meter-client/model.go:809.23,810.16 1 5
github.com/zR-JB/graphite-meter/go/cmd/graphite-meter-client/model.go:811.10,812.48 1 1
github.com/zR-JB/graphite-meter/go/cmd/graphite-meter-client/model.go:813.10,814.50 1 1
github.com/zR-JB/graphite-meter/go/cmd/graphite-meter-client/model.go:815.10,816.46 1 1
github.com/zR-JB/graphite-meter/go/cmd/graphite-meter-client/model.go:817.10,818.60 1 1
github.com/zR-JB/graphite-meter/go/cmd/graphite-meter-client/model.go:819.10,820.46 1 1
github.com/zR-JB/graphite-meter/go/cmd/graphite-meter-client/model.go:822.3,822.38 1 5
github.com/zR-JB/graphite-meter/go/cmd/graphite-meter-client/model.go:823.21,825.67 2 7
github.com/zR-JB/graphite-meter/go/cmd/graphite-meter-client/model.go:826.26,827.16 1 10
github.com/zR-JB/graphite-meter/go/cmd/graphite-meter-client/model.go:828.10,829.102 1 4
github.com/zR-JB/graphite-meter/go/cmd/graphite-meter-client/model.go:829.102,829.121 1 11
github.com/zR-JB/graphite-meter/go/cmd/graphite-meter-client/model.go:830.4,831.45 2 4
github.com/zR-JB/graphite-meter/go/cmd/graphite-meter-client/model.go:832.10,833.96 1 2
github.com/zR-JB/graphite-meter/go/cmd/graphite-meter-client/model.go:833.96,833.115 1 6
github.com/zR-JB/graphite-meter/go/cmd/graphite-meter-client/model.go:834.4,835.42 2 2
github.com/zR-JB/graphite-meter/go/cmd/graphite-meter-client/model.go:836.10,838.45 2 0
github.com/zR-JB/graphite-meter/go/cmd/graphite-meter-client/model.go:839.10,841.77 2 1
github.com/zR-JB/graphite-meter/go/cmd/graphite-meter-client/model.go:842.10,844.94 2 1
github.com/zR-JB/graphite-meter/go/cmd/graphite-meter-client/model.go:845.10,847.50 2 1
github.com/zR-JB/graphite-meter/go/cmd/graphite-meter-client/model.go:848.10,850.49 2 1
github.com/zR-JB/graphite-meter/go/cmd/graphite-meter-client/model.go:852.18,853.22 1 0
github.com/zR-JB/graphite-meter/go/cmd/graphite-meter-client/model.go:855.2,855.15 1 25
github.com/zR-JB/graphite-meter/go/cmd/graphite-meter-client/model.go:858.44,859.108 1 3
github.com/zR-JB/graphite-meter/go/cmd/graphite-meter-client/model.go:859.108,865.3 5 2
github.com/zR-JB/graphite-meter/go/cmd/graphite-meter-client/model.go:867.2,872.12 6 1
github.com/zR-JB/graphite-meter/go/cmd/graphite-meter-client/model.go:872.12,874.29 2 1
github.com/zR-JB/graphite-meter/go/cmd/graphite-meter-client/model.go:874.29,875.90 1 0
github.com/zR-JB/graphite-meter/go/cmd/graphite-meter-client/model.go:875.90,877.5 1 0
github.com/zR-JB/graphite-meter/go/cmd/graphite-meter-client/model.go:879.3,879.50 1 1
github.com/zR-JB/graphite-meter/go/cmd/graphite-meter-client/model.go:879.50,880.11 1 1
github.com/zR-JB/graphite-meter/go/cmd/graphite-meter-client/model.go:881.21,881.21 0 1
github.com/zR-JB/graphite-meter/go/cmd/graphite-meter-client/model.go:882.22,882.22 0 0
github.com/zR-JB/graphite-meter/go/cmd/graphite-meter-client/model.go:885.3,886.16 2 1
github.com/zR-JB/graphite-meter/go/cmd/graphite-meter-client/model.go:889.2,911.90 23 1
github.com/zR-JB/graphite-meter/go/cmd/graphite-meter-client/model.go:914.41,915.16 1 44
github.com/zR-JB/graphite-meter/go/cmd/graphite-meter-client/model.go:916.31,917.25 1 1
github.com/zR-JB/graphite-meter/go/cmd/graphite-meter-client/model.go:917.25,919.22 2 1
github.com/zR-JB/graphite-meter/go/cmd/graphite-meter-client/model.go:919.22,921.5 1 1
github.com/zR-JB/graphite-meter/go/cmd/graphite-meter-client/model.go:922.4,926.22 5 1
github.com/zR-JB/graphite-meter/go/cmd/graphite-meter-client/model.go:926.22,928.5 1 0
github.com/zR-JB/graphite-meter/go/cmd/graphite-meter-client/model.go:929.4,930.26 2 1
github.com/zR-JB/graphite-meter/go/cmd/graphite-meter-client/model.go:932.27,935.18 3 10
github.com/zR-JB/graphite-meter/go/cmd/graphite-meter-client/model.go:936.32,938.54 2 12
github.com/zR-JB/graphite-meter/go/cmd/graphite-meter-client/model.go:938.54,940.4 1 10
github.com/zR-JB/graphite-meter/go/cmd/graphite-meter-client/model.go:941.29,942.21 1 5
github.com/zR-JB/graphite-meter/go/cmd/graphite-meter-client/model.go:942.21,944.4 1 2
github.com/zR-JB/graphite-meter/go/cmd/graphite-meter-client/model.go:944.9,947.4 2 3
github.com/zR-JB/graphite-meter/go/cmd/graphite-meter-client/model.go:948.28,949.22 1 9
github.com/zR-JB/graphite-meter/go/cmd/graphite-meter-client/model.go:949.22,952.4 2 8
github.com/zR-JB/graphite-meter/go/cmd/graphite-meter-client/model.go:953.30,955.20 2 4
github.com/zR-JB/graphite-meter/go/cmd/graphite-meter-client/model.go:956.27,959.17 3 3
github.com/zR-JB/graphite-meter/go/cmd/graphite-meter-client/model.go:965.46,967.19 2 10
github.com/zR-JB/graphite-meter/go/cmd/graphite-meter-client/model.go:968.16,969.22 1 1
github.com/zR-JB/graphite-meter/go/cmd/graphite-meter-client/model.go:970.17,971.25 1 6
github.com/zR-JB/graphite-meter/go/cmd/graphite-meter-client/model.go:972.10,973.9 1 3
github.com/zR-JB/graphite-meter/go/cmd/graphite-meter-client/model.go:975.2,975.26 1 7
github.com/zR-JB/graphite-meter/go/cmd/graphite-meter-client/model.go:975.26,976.34 1 18
github.com/zR-JB/graphite-meter/go/cmd/graphite-meter-client/model.go:976.34,978.4 1 5
github.com/zR-JB/graphite-meter/go/cmd/graphite-meter-client/model.go:985.43,986.26 1 8
github.com/zR-JB/graphite-meter/go/cmd/graphite-meter-client/model.go:986.26,987.69 1 12
github.com/zR-JB/graphite-meter/go/cmd/graphite-meter-client/model.go:987.69,989.4 1 3
[...]
github.com/zR-JB/graphite-meter/go/internal/auth/ratelimit.go:75.2,75.20 1 2416
github.com/zR-JB/graphite-meter/go/internal/auth/ratelimit.go:81.54,83.9 2 381
github.com/zR-JB/graphite-meter/go/internal/auth/ratelimit.go:83.9,85.3 1 0
github.com/zR-JB/graphite-meter/go/internal/auth/ratelimit.go:86.2,91.9 6 381
github.com/zR-JB/graphite-meter/go/internal/auth/ratelimit.go:91.9,93.3 1 59
github.com/zR-JB/graphite-meter/go/internal/auth/ratelimit.go:94.2,95.48 2 322
github.com/zR-JB/graphite-meter/go/internal/auth/ratelimit.go:95.48,98.3 2 121
github.com/zR-JB/graphite-meter/go/internal/auth/ratelimit.go:99.2,101.13 3 201
github.com/zR-JB/graphite-meter/go/internal/auth/ratelimit.go:109.55,111.9 2 2197
github.com/zR-JB/graphite-meter/go/internal/auth/ratelimit.go:111.9,113.3 1 0
github.com/zR-JB/graphite-meter/go/internal/auth/ratelimit.go:114.2,119.9 6 2197
github.com/zR-JB/graphite-meter/go/internal/auth/ratelimit.go:119.9,121.3 1 103
github.com/zR-JB/graphite-meter/go/internal/auth/ratelimit.go:122.2,123.13 2 2094
github.com/zR-JB/graphite-meter/go/internal/auth/ratelimit.go:129.65,130.81 1 222
github.com/zR-JB/graphite-meter/go/internal/auth/ratelimit.go:130.81,132.3 1 217
github.com/zR-JB/graphite-meter/go/internal/auth/ratelimit.go:133.2,134.111 2 5
github.com/zR-JB/graphite-meter/go/internal/auth/ratelimit.go:139.59,143.2 3 0
github.com/zR-JB/graphite-meter/go/internal/auth/ratelimit.go:146.70,149.62 3 209647
github.com/zR-JB/graphite-meter/go/internal/auth/ratelimit.go:149.62,151.3 1 140
github.com/zR-JB/graphite-meter/go/internal/auth/ratelimit.go:152.2,152.25 1 209647
github.com/zR-JB/graphite-meter/go/internal/auth/reasons.go:88.35,89.37 1 50
github.com/zR-JB/graphite-meter/go/internal/auth/reasons.go:89.37,91.3 1 16
github.com/zR-JB/graphite-meter/go/internal/auth/reasons.go:92.2,92.22 1 34
github.com/zR-JB/graphite-meter/go/internal/auth/reasons.go:97.37,98.21 1 29
github.com/zR-JB/graphite-meter/go/internal/auth/reasons.go:99.22,100.24 1 2
github.com/zR-JB/graphite-meter/go/internal/auth/reasons.go:101.18,102.20 1 2
github.com/zR-JB/graphite-meter/go/internal/auth/reasons.go:103.19,104.21 1 2
github.com/zR-JB/graphite-meter/go/internal/auth/reasons.go:105.23,106.25 1 2
github.com/zR-JB/graphite-meter/go/internal/auth/reasons.go:107.22,108.24 1 2
github.com/zR-JB/graphite-meter/go/internal/auth/reasons.go:109.10,110.12 1 9
github.com/zR-JB/graphite-meter/go/internal/auth/reasons.go:112.2,112.22 1 10
github.com/zR-JB/graphite-meter/go/internal/auth/reasons.go:132.43,133.29 1 21
github.com/zR-JB/graphite-meter/go/internal/auth/reasons.go:134.24,135.30 1 1
github.com/zR-JB/graphite-meter/go/internal/auth/reasons.go:136.30,137.36 1 3
github.com/zR-JB/graphite-meter/go/internal/auth/reasons.go:138.19,138.19 0 17
github.com/zR-JB/graphite-meter/go/internal/auth/service.go:107.110,109.23 2 71
github.com/zR-JB/graphite-meter/go/internal/auth/service.go:109.23,111.3 1 2
github.com/zR-JB/graphite-meter/go/internal/auth/service.go:112.2,114.16 3 69
github.com/zR-JB/graphite-meter/go/internal/auth/service.go:114.16,116.3 1 0
github.com/zR-JB/graphite-meter/go/internal/auth/service.go:117.2,117.52 1 69
github.com/zR-JB/graphite-meter/go/internal/auth/service.go:117.52,119.17 2 55
github.com/zR-JB/graphite-meter/go/internal/auth/service.go:119.17,121.4 1 0
github.com/zR-JB/graphite-meter/go/internal/auth/service.go:122.3,122.65 1 55
github.com/zR-JB/graphite-meter/go/internal/auth/service.go:122.65,124.4 1 0
github.com/zR-JB/graphite-meter/go/internal/auth/service.go:125.3,125.56 1 55
github.com/zR-JB/graphite-meter/go/internal/auth/service.go:127.2,128.48 2 69
github.com/zR-JB/graphite-meter/go/internal/auth/service.go:128.48,130.15 2 14
github.com/zR-JB/graphite-meter/go/internal/auth/service.go:130.15,132.4 1 0
github.com/zR-JB/graphite-meter/go/internal/auth/service.go:133.3,134.25 2 14
github.com/zR-JB/graphite-meter/go/internal/auth/service.go:134.25,136.18 2 14
github.com/zR-JB/graphite-meter/go/internal/auth/service.go:136.18,138.5 1 0
github.com/zR-JB/graphite-meter/go/internal/auth/service.go:139.4,140.47 2 14
github.com/zR-JB/graphite-meter/go/internal/auth/service.go:141.9,143.4 1 0
github.com/zR-JB/graphite-meter/go/internal/auth/service.go:145.2,148.15 4 69
github.com/zR-JB/graphite-meter/go/internal/auth/service.go:151.43,152.15 1 77
github.com/zR-JB/graphite-meter/go/internal/auth/service.go:152.15,154.3 1 0
github.com/zR-JB/graphite-meter/go/internal/auth/service.go:157.67,158.18 1 70
github.com/zR-JB/graphite-meter/go/internal/auth/service.go:158.18,160.3 1 69
github.com/zR-JB/graphite-meter/go/internal/auth/service.go:161.2,162.16 2 1
github.com/zR-JB/graphite-meter/go/internal/auth/service.go:162.16,164.3 1 0
github.com/zR-JB/graphite-meter/go/internal/auth/service.go:165.2,167.16 3 1
github.com/zR-JB/graphite-meter/go/internal/auth/service.go:167.16,169.3 1 0
github.com/zR-JB/graphite-meter/go/internal/auth/service.go:170.2,170.27 1 1
github.com/zR-JB/graphite-meter/go/internal/auth/service.go:170.27,172.3 1 0
github.com/zR-JB/graphite-meter/go/internal/auth/service.go:173.2,174.13 2 1
github.com/zR-JB/graphite-meter/go/internal/auth/service.go:174.13,176.3 1 0
github.com/zR-JB/graphite-meter/go/internal/auth/service.go:177.2,177.15 1 1
github.com/zR-JB/graphite-meter/go/internal/auth/service.go:180.34,180.64 1 44
github.com/zR-JB/graphite-meter/go/internal/auth/service.go:182.41,183.21 1 0
github.com/zR-JB/graphite-meter/go/internal/auth/service.go:183.21,185.3 1 0
github.com/zR-JB/graphite-meter/go/internal/auth/service.go:186.2,186.26 1 0
github.com/zR-JB/graphite-meter/go/internal/auth/service.go:191.45,192.18 1 15
github.com/zR-JB/graphite-meter/go/internal/auth/service.go:192.18,196.3 3 1
github.com/zR-JB/graphite-meter/go/internal/auth/service.go:197.2,198.56 2 14
github.com/zR-JB/graphite-meter/go/internal/auth/service.go:198.56,200.3 1 13
github.com/zR-JB/graphite-meter/go/internal/auth/service.go:201.2,201.52 1 14
github.com/zR-JB/graphite-meter/go/internal/auth/service.go:201.52,204.3 2 2
github.com/zR-JB/graphite-meter/go/internal/auth/service.go:205.2,211.41 7 14
github.com/zR-JB/graphite-meter/go/internal/auth/service.go:216.55,220.6 4 69
github.com/zR-JB/graphite-meter/go/internal/auth/service.go:220.6,221.10 1 69
github.com/zR-JB/graphite-meter/go/internal/auth/service.go:222.21,223.10 1 14
github.com/zR-JB/graphite-meter/go/internal/auth/service.go:224.14,226.22 2 0
github.com/zR-JB/graphite-meter/go/internal/auth/service.go:226.22,227.13 1 0
github.com/zR-JB/graphite-meter/go/internal/auth/service.go:229.4,230.26 2 0
github.com/zR-JB/graphite-meter/go/internal/auth/service.go:230.26,232.5 1 0
github.com/zR-JB/graphite-meter/go/internal/auth/service.go:233.4,234.267 2 0
github.com/zR-JB/graphite-meter/go/internal/auth/session.go:38.110,41.44 3 47
github.com/zR-JB/graphite-meter/go/internal/auth/session.go:41.44,43.3 1 43
github.com/zR-JB/graphite-meter/go/internal/auth/session.go:44.2,45.16 2 47
github.com/zR-JB/graphite-meter/go/internal/auth/session.go:45.16,47.3 1 0
github.com/zR-JB/graphite-meter/go/internal/auth/session.go:48.2,50.16 3 47
github.com/zR-JB/graphite-meter/go/internal/auth/session.go:50.16,52.3 1 0
github.com/zR-JB/graphite-meter/go/internal/auth/session.go:53.2,59.31 7 47
github.com/zR-JB/graphite-meter/go/internal/auth/session.go:59.31,60.27 1 44
github.com/zR-JB/graphite-meter/go/internal/auth/session.go:60.27,62.4 1 42
github.com/zR-JB/graphite-meter/go/internal/auth/session.go:64.2,64.38 1 47
github.com/zR-JB/graphite-meter/go/internal/auth/session.go:64.38,64.86 1 54
github.com/zR-JB/graphite-meter/go/internal/auth/session.go:65.2,65.36 1 47
github.com/zR-JB/graphite-meter/go/internal/auth/session.go:65.36,67.3 1 1
github.com/zR-JB/graphite-meter/go/internal/auth/session.go:68.2,68.36 1 47
github.com/zR-JB/graphite-meter/go/internal/auth/session.go:68.36,72.3 3 0
github.com/zR-JB/graphite-meter/go/internal/auth/session.go:73.2,74.23 2 47
github.com/zR-JB/graphite-meter/go/internal/auth/session.go:79.54,81.33 2 10
github.com/zR-JB/graphite-meter/go/internal/auth/session.go:81.33,83.3 1 5
github.com/zR-JB/graphite-meter/go/internal/auth/session.go:84.2,84.47 1 10
github.com/zR-JB/graphite-meter/go/internal/auth/session.go:84.47,85.31 1 0
github.com/zR-JB/graphite-meter/go/internal/auth/session.go:85.31,87.4 1 0
github.com/zR-JB/graphite-meter/go/internal/auth/session.go:89.2,89.15 1 10
github.com/zR-JB/graphite-meter/go/internal/auth/session.go:98.67,100.34 2 2
github.com/zR-JB/graphite-meter/go/internal/auth/session.go:100.34,101.30 1 5
github.com/zR-JB/graphite-meter/go/internal/auth/session.go:101.30,103.4 1 4
github.com/zR-JB/graphite-meter/go/internal/auth/session.go:105.2,105.31 1 2
github.com/zR-JB/graphite-meter/go/internal/auth/session.go:105.31,107.3 1 4
github.com/zR-JB/graphite-meter/go/internal/auth/session.go:108.2,108.21 1 2
github.com/zR-JB/graphite-meter/go/internal/auth/session.go:115.64,118.51 3 3
github.com/zR-JB/graphite-meter/go/internal/auth/session.go:118.51,120.3 1 2
github.com/zR-JB/graphite-meter/go/internal/auth/session.go:123.47,124.34 1 47
github.com/zR-JB/graphite-meter/go/internal/auth/session.go:124.34,125.32 1 44
github.com/zR-JB/graphite-meter/go/internal/auth/session.go:125.32,127.4 1 0
github.com/zR-JB/graphite-meter/go/internal/auth/session.go:131.46,134.6 3 69
github.com/zR-JB/graphite-meter/go/internal/auth/session.go:134.6,135.10 1 69
github.com/zR-JB/graphite-meter/go/internal/auth/session.go:136.21,137.10 1 14
github.com/zR-JB/graphite-meter/go/internal/auth/session.go:138.14,141.17 3 0
github.com/zR-JB/graphite-meter/go/internal/auth/session.go:146.41,148.42 2 281
github.com/zR-JB/graphite-meter/go/internal/auth/session.go:148.42,150.3 1 0
github.com/zR-JB/graphite-meter/go/internal/auth/session.go:151.2,151.53 1 281
github.com/zR-JB/graphite-meter/go/internal/auth/session.go:156.85,158.2 1 28
github.com/zR-JB/graphite-meter/go/internal/auth/session.go:164.76,167.2 1 7
github.com/zR-JB/graphite-meter/go/internal/auth/session.go:171.83,173.2 1 17
github.com/zR-JB/graphite-meter/go/internal/auth/session.go:175.52,177.2 1 16
github.com/zR-JB/graphite-meter/go/internal/auth/session.go:179.54,181.2 1 13
github.com/zR-JB/graphite-meter/go/internal/auth/trust.go:27.55,28.18 1 48
github.com/zR-JB/graphite-meter/go/internal/auth/trust.go:28.18,30.3 1 30
github.com/zR-JB/graphite-meter/go/internal/auth/trust.go:31.2,32.52 2 18
github.com/zR-JB/graphite-meter/go/internal/auth/trust.go:32.52,34.3 1 2
github.com/zR-JB/graphite-meter/go/internal/auth/trust.go:35.2,38.55 4 16
github.com/zR-JB/graphite-meter/go/internal/auth/trust.go:44.54,46.48 2 38
github.com/zR-JB/graphite-meter/go/internal/auth/trust.go:46.48,48.3 1 15
github.com/zR-JB/graphite-meter/go/internal/auth/trust.go:49.2,49.32 1 23
github.com/zR-JB/graphite-meter/go/internal/auth/trust.go:52.34,54.2 1 38
github.com/zR-JB/graphite-meter/go/internal/auth/trust.go:56.42,58.16 2 30
github.com/zR-JB/graphite-meter/go/internal/auth/trust.go:58.16,60.3 1 0
github.com/zR-JB/graphite-meter/go/internal/auth/trust.go:61.2,61.21 1 30
github.com/zR-JB/graphite-meter/go/internal/auth/trust.go:64.50,66.16 2 2623
github.com/zR-JB/graphite-meter/go/internal/auth/trust.go:66.16,68.3 1 0
github.com/zR-JB/graphite-meter/go/internal/auth/trust.go:69.2,69.50 1 2623
github.com/zR-JB/graphite-meter/go/internal/auth/trust.go:72.59,73.16 1 2623
github.com/zR-JB/graphite-meter/go/internal/auth/trust.go:73.16,75.3 1 0
github.com/zR-JB/graphite-meter/go/internal/auth/trust.go:76.2,76.23 1 2623
github.com/zR-JB/graphite-meter/go/internal/auth/trust.go:76.23,77.20 1 30
github.com/zR-JB/graphite-meter/go/internal/auth/trust.go:77.20,79.4 1 26
github.com/zR-JB/graphite-meter/go/internal/auth/trust.go:81.2,81.14 1 2597
github.com/zR-JB/graphite-meter/go/internal/auth/trust.go:88.73,90.16 2 2605
github.com/zR-JB/graphite-meter/go/internal/auth/trust.go:90.16,92.3 1 0
github.com/zR-JB/graphite-meter/go/internal/auth/trust.go:93.2,94.38 2 2605
github.com/zR-JB/graphite-meter/go/internal/auth/trust.go:94.38,96.3 1 2595
github.com/zR-JB/graphite-meter/go/internal/auth/trust.go:97.2,97.78 1 10
github.com/zR-JB/graphite-meter/go/internal/auth/trust.go:97.78,99.3 1 4
github.com/zR-JB/graphite-meter/go/internal/auth/trust.go:100.2,102.16 3 6
github.com/zR-JB/graphite-meter/go/internal/auth/trust.go:102.16,104.3 1 4
github.com/zR-JB/graphite-meter/go/internal/auth/trust.go:105.2,105.27 1 2
github.com/zR-JB/graphite-meter/go/internal/auth/trust.go:110.73,111.14 1 26
github.com/zR-JB/graphite-meter/go/internal/auth/trust.go:111.14,113.3 1 0
github.com/zR-JB/graphite-meter/go/internal/auth/trust.go:114.2,114.83 1 26
github.com/zR-JB/graphite-meter/go/internal/auth/trust.go:114.83,116.3 1 2
github.com/zR-JB/graphite-meter/go/internal/auth/trust.go:117.2,117.56 1 24
github.com/zR-JB/graphite-meter/go/internal/auth/trust.go:117.56,118.73 1 13
github.com/zR-JB/graphite-meter/go/internal/auth/trust.go:118.73,120.4 1 1
github.com/zR-JB/graphite-meter/go/internal/auth/trust.go:121.3,121.69 1 12
github.com/zR-JB/graphite-meter/go/internal/auth/trust.go:121.69,123.4 1 1
github.com/zR-JB/graphite-meter/go/internal/auth/trust.go:125.2,125.119 1 22
github.com/zR-JB/graphite-meter/go/internal/auth/trust.go:125.119,126.101 1 14
github.com/zR-JB/graphite-meter/go/internal/auth/trust.go:126.101,128.4 1 3
github.com/zR-JB/graphite-meter/go/internal/auth/trust.go:132.2,132.77 1 19
github.com/zR-JB/graphite-meter/go/internal/auth/trust.go:132.77,134.3 1 1
github.com/zR-JB/graphite-meter/go/internal/auth/trust.go:135.2,135.97 1 18
github.com/zR-JB/graphite-meter/go/internal/auth/trust.go:135.97,136.50 1 6
github.com/zR-JB/graphite-meter/go/internal/auth/trust.go:136.50,138.4 1 1
github.com/zR-JB/graphite-meter/go/internal/auth/trust.go:139.3,139.123 1 5
github.com/zR-JB/graphite-meter/go/internal/auth/trust.go:139.123,141.4 1 3
github.com/zR-JB/graphite-meter/go/internal/auth/trust.go:143.2,143.13 1 14
github.com/zR-JB/graphite-meter/go/internal/auth/trust.go:149.75,151.18 2 25
github.com/zR-JB/graphite-meter/go/internal/auth/trust.go:151.18,153.3 1 1
github.com/zR-JB/graphite-meter/go/internal/auth/trust.go:154.2,154.33 1 24
github.com/zR-JB/graphite-meter/go/internal/auth/trust.go:154.33,156.3 1 2
github.com/zR-JB/graphite-meter/go/internal/auth/trust.go:157.2,158.16 2 22
github.com/zR-JB/graphite-meter/go/internal/auth/trust.go:158.16,160.3 1 1
github.com/zR-JB/graphite-meter/go/internal/auth/trust.go:161.2,162.13 2 21
github.com/zR-JB/graphite-meter/go/internal/auth/trust.go:162.13,164.3 1 1
github.com/zR-JB/graphite-meter/go/internal/auth/trust.go:165.2,165.32 1 20
github.com/zR-JB/graphite-meter/go/internal/auth/trust.go:165.32,167.3 1 1
github.com/zR-JB/graphite-meter/go/internal/auth/trust.go:168.2,168.17 1 19
github.com/zR-JB/graphite-meter/go/internal/auth/trust.go:171.38,173.2 1 32
github.com/zR-JB/graphite-meter/go/internal/auth/wrap.go:38.78,39.18 1 29
github.com/zR-JB/graphite-meter/go/internal/auth/wrap.go:39.18,41.3 1 1
github.com/zR-JB/graphite-meter/go/internal/auth/wrap.go:42.2,42.71 1 28
github.com/zR-JB/graphite-meter/go/internal/auth/wrap.go:42.71,44.99 2 39
github.com/zR-JB/graphite-meter/go/internal/auth/wrap.go:44.99,47.4 2 0
github.com/zR-JB/graphite-meter/go/internal/auth/wrap.go:48.3,48.15 1 39
github.com/zR-JB/graphite-meter/go/internal/auth/wrap.go:48.15,50.4 1 31
github.com/zR-JB/graphite-meter/go/internal/auth/wrap.go:51.3,51.77 1 39
github.com/zR-JB/graphite-meter/go/internal/auth/wrap.go:51.77,55.4 3 2
github.com/zR-JB/graphite-meter/go/internal/auth/wrap.go:56.3,56.71 1 39
github.com/zR-JB/graphite-meter/go/internal/auth/wrap.go:56.71,59.4 2 0
github.com/zR-JB/graphite-meter/go/internal/auth/wrap.go:60.3,60.108 1 39
github.com/zR-JB/graphite-meter/go/internal/auth/wrap.go:60.108,63.4 2 9
github.com/zR-JB/graphite-meter/go/internal/auth/wrap.go:64.3,65.13 2 30
github.com/zR-JB/graphite-meter/go/internal/auth/wrap.go:65.13,66.33 1 5
github.com/zR-JB/graphite-meter/go/internal/auth/wrap.go:66.33,69.5 2 0
github.com/zR-JB/graphite-meter/go/internal/auth/wrap.go:70.4,71.10 2 5
github.com/zR-JB/graphite-meter/go/internal/auth/wrap.go:73.3,73.16 1 25
github.com/zR-JB/graphite-meter/go/internal/auth/wrap.go:73.16,76.4 2 0
github.com/zR-JB/graphite-meter/go/internal/auth/wrap.go:77.3,78.10 2 25
github.com/zR-JB/graphite-meter/go/internal/auth/wrap.go:78.10,81.4 2 5
github.com/zR-JB/graphite-meter/go/internal/auth/wrap.go:82.3,82.50 1 20
github.com/zR-JB/graphite-meter/go/internal/auth/wrap.go:82.50,85.4 2 1
github.com/zR-JB/graphite-meter/go/internal/auth/wrap.go:86.3,86.23 1 19
github.com/zR-JB/graphite-meter/go/internal/auth/wrap.go:86.23,88.52 2 19
github.com/zR-JB/graphite-meter/go/internal/auth/wrap.go:88.52,88.79 1 1
github.com/zR-JB/graphite-meter/go/internal/auth/wrap.go:89.4,89.17 1 19
github.com/zR-JB/graphite-meter/go/internal/auth/wrap.go:89.17,89.40 2 19
github.com/zR-JB/graphite-meter/go/internal/auth/wrap.go:90.4,90.64 1 19
github.com/zR-JB/graphite-meter/go/internal/auth/wrap.go:91.9,93.4 1 0
github.com/zR-JB/graphite-meter/go/internal/auth/wrap.go:94.3,94.34 1 19
github.com/zR-JB/graphite-meter/go/internal/auth/wrap.go:94.34,97.4 2 11
github.com/zR-JB/graphite-meter/go/internal/auth/wrap.go:98.3,98.23 1 8
github.com/zR-JB/graphite-meter/go/internal/auth/wrap.go:104.63,105.133 1 13
github.com/zR-JB/graphite-meter/go/internal/auth/wrap.go:105.133,107.3 1 3
github.com/zR-JB/graphite-meter/go/internal/auth/wrap.go:108.2,108.115 1 10
github.com/zR-JB/graphite-meter/go/internal/auth/wrap.go:108.115,110.3 1 2
github.com/zR-JB/graphite-meter/go/internal/auth/wrap.go:111.2,111.179 1 8
github.com/zR-JB/graphite-meter/go/internal/auth/wrap.go:117.43,118.14 1 36
github.com/zR-JB/graphite-meter/go/internal/auth/wrap.go:119.105,120.14 1 32
github.com/zR-JB/graphite-meter/go/internal/auth/wrap.go:122.2,122.14 1 4
github.com/zR-JB/graphite-meter/go/internal/auth/wrap.go:130.73,131.51 1 3
github.com/zR-JB/graphite-meter/go/internal/auth/wrap.go:131.51,133.3 1 1
github.com/zR-JB/graphite-meter/go/internal/auth/wrap.go:136.67,137.53 1 41
github.com/zR-JB/graphite-meter/go/internal/auth/wrap.go:137.53,138.41 1 2
github.com/zR-JB/graphite-meter/go/internal/auth/wrap.go:138.41,140.4 1 0
github.com/zR-JB/graphite-meter/go/internal/auth/wrap.go:141.3,141.65 1 2
github.com/zR-JB/graphite-meter/go/internal/auth/wrap.go:143.2,144.16 2 39
github.com/zR-JB/graphite-meter/go/internal/auth/wrap.go:144.16,146.3 1 6
github.com/zR-JB/graphite-meter/go/internal/auth/wrap.go:147.2,152.38 6 33
github.com/zR-JB/graphite-meter/go/internal/auth/wrap.go:152.38,153.9 1 0
github.com/zR-JB/graphite-meter/go/internal/auth/wrap.go:153.9,155.4 1 0
github.com/zR-JB/graphite-meter/go/internal/auth/wrap.go:156.3,156.28 1 0
github.com/zR-JB/graphite-meter/go/internal/auth/wrap.go:158.2,158.127 1 33
github.com/zR-JB/graphite-meter/go/internal/auth/wrap.go:161.67,163.94 2 4
github.com/zR-JB/graphite-meter/go/internal/auth/wrap.go:163.94,165.3 1 0
github.com/zR-JB/graphite-meter/go/internal/auth/wrap.go:166.2,171.70 6 4
github.com/zR-JB/graphite-meter/go/internal/auth/wrap.go:171.70,173.3 1 3
github.com/zR-JB/graphite-meter/go/internal/auth/wrap.go:174.2,174.27 1 1
github.com/zR-JB/graphite-meter/go/internal/auth/wrap.go:179.96,181.68 2 5
github.com/zR-JB/graphite-meter/go/internal/auth/wrap.go:181.68,188.3 6 1
github.com/zR-JB/graphite-meter/go/internal/auth/wrap.go:189.2,191.40 3 5
github.com/zR-JB/graphite-meter/go/internal/auth/wrap.go:191.40,193.3 1 5
github.com/zR-JB/graphite-meter/go/internal/auth/wrap.go:194.2,194.68 1 5
github.com/zR-JB/graphite-meter/go/internal/auth/wrap.go:194.68,198.3 3 1
github.com/zR-JB/graphite-meter/go/internal/auth/wrap.go:199.2,199.37 1 4
github.com/zR-JB/graphite-meter/go/internal/auth/wrap.go:202.39,205.2 2 33
github.com/zR-JB/graphite-meter/go/internal/auth/wrap.go:207.66,210.2 2 9
github.com/zR-JB/graphite-meter/go/internal/auth/wrap.go:214.45,216.2 1 2
